<?xml version="1.0" encoding="UTF-8" ?>
<testsuite tests="1" failures="1" name="Test1" time="0.024" errors="0" skipped="0">
  <properties>
[...]
</properties>
  <testcase classname="Test1" name="verifyHomepageTitle" time="0.024">
    <failure message="expected [Welcome: Mercury Tours] but found [demo.guru99.com]" type="java.lang.AssertionError">java.lang.AssertionError: expected [Welcome: Mercury Tours] but found [demo.guru99.com]
	at org.testng.Assert.fail(Assert.java:96)
	at org.testng.Assert.failNotEquals(Assert.java:776)
	at org.testng.Assert.assertEqualsImpl(Assert.java:137)
	at org.testng.Assert.assertEquals(Assert.java:118)
	at org.testng.Assert.assertEquals(Assert.java:453)
	at org.testng.Assert.assertEquals(Assert.java:463)
	at Test1.verifyHomepageTitle(Test1.java:33)
</failure>
    <system-out>Configuring TestNG with: org.apache.maven.surefire.testng.conf.TestNG652Configurator@1ee0005
launching Chrome browser
</system-out>
    <system-err>Starting ChromeDriver 74.0.3729.6 (255758eccf3d244491b8a1317aa76e1ce10d57e9-refs/branch-heads/3729@{#29}) on port 4416
Only local connections are allowed.
Please protect ports used by ChromeDriver and related test frameworks to prevent access by malicious code.
Jun 05, 2019 9:43:11 PM org.openqa.selenium.remote.ProtocolHandshake createSession
INFO: Detected dialect: OSS
</system-err>
  </testcase>
</testsuite>