<?xml version="1.0" encoding="UTF-8"?>
<testng-results skipped="0" failed="0" ignored="14" total="19" passed="5">
  <reporter-output>
  </reporter-output>
  <suite name="Suite" duration-ms="95492" started-at="2019-07-29T07:17:59Z" finished-at="2019-07-29T07:19:34Z">
    <groups>
    </groups>
    <test name="Sample Automation Test" duration-ms="95492" started-at="2019-07-29T07:17:59Z" finished-at="2019-07-29T07:19:34Z">
      <class name="QA.Tests.Test1">
        <test-method status="PASS" signature="initialize()[pri:0, instance:QA.Tests.Test1@3efedc6f]" name="initialize" is-config="true" duration-ms="5833" started-at="2019-07-29T07:17:59Z" finished-at="2019-07-29T07:18:04Z">
          <reporter-output>
          </reporter-output>
        </test-method> <!-- initialize -->
        <test-method status="PASS" signature="TeardownTest()[pri:0, instance:QA.Tests.Test1@3efedc6f]" name="TeardownTest" is-config="true" duration-ms="1269" started-at="2019-07-29T07:19:33Z" finished-at="2019-07-29T07:19:34Z">
          <reporter-output>
          </reporter-output>
        </test-method> <!-- TeardownTest -->
      </class> <!-- QA.Tests.Test1 -->
      <class name="QA.Tests.Test7">
        <test-method status="PASS" signature="G99login()[pri:0, instance:QA.Tests.Test7@1aa6e3c0]" name="G99login" duration-ms="8861" started-at="2019-07-29T07:18:49Z" finished-at="2019-07-29T07:18:58Z">
          <reporter-output>
          </reporter-output>
        </test-method> <!-- G99login -->
        <test-method status="PASS" signature="getResult(org.testng.ITestResult)[pri:0, instance:QA.Tests.Test7@1aa6e3c0]" name="getResult" is-config="true" duration-ms="3" started-at="2019-07-29T07:18:58Z" finished-at="2019-07-29T07:18:58Z">
          <params>
            <param index="0">
              <value>
                <![CDATA[[TestResult name=G99login status=SUCCESS method=Test7.G99login()[pri:0, instance:QA.Tests.Test7@1aa6e3c0] output={null}]]]>
              </value>
            </param>
          </params>
          <reporter-output>
          </reporter-output>
        </test-method> <!-- getResult -->
      </class> <!-- QA.Tests.Test7 -->
      <class name="QA.Tests.Test8">
        <test-method status="PASS" signature="AddCustomer()[pri:0, instance:QA.Tests.Test8@3531f3ca]" name="AddCustomer" duration-ms="16908" started-at="2019-07-29T07:18:58Z" finished-at="2019-07-29T07:19:15Z">
          <reporter-output>
          </reporter-output>
        </test-method> <!-- AddCustomer -->
        <test-method status="PASS" signature="getResult(org.testng.ITestResult)[pri:0, instance:QA.Tests.Test8@3531f3ca]" name="getResult" is-config="true" duration-ms="1" started-at="2019-07-29T07:19:15Z" finished-at="2019-07-29T07:19:15Z">
          <params>
            <param index="0">
              <value>
                <![CDATA[[TestResult name=AddCustomer status=SUCCESS method=Test8.AddCustomer()[pri:0, instance:QA.Tests.Test8@3531f3ca] output={null}]]]>
              </value>
            </param>
          </params>
          <reporter-output>
          </reporter-output>
        </test-method> <!-- getResult -->
        <test-method status="PASS" signature="AddCustomer()[pri:0, instance:QA.Tests.Test8@3531f3ca]" name="AddCustomer" duration-ms="17771" started-at="2019-07-29T07:19:15Z" finished-at="2019-07-29T07:19:33Z">
          <reporter-output>
          </reporter-output>
        </test-method> <!-- AddCustomer -->
        <test-method status="PASS" signature="getResult(org.testng.ITestResult)[pri:0, instance:QA.Tests.Test8@3531f3ca]" name="getResult" is-config="true" duration-ms="2" started-at="2019-07-29T07:19:33Z" finished-at="2019-07-29T07:19:33Z">
          <params>
            <param index="0">
              <value>
                <![CDATA[[TestResult name=AddCustomer status=SUCCESS method=Test8.AddCustomer()[pri:0, instance:QA.Tests.Test8@3531f3ca] output={null}]]]>
              </value>
            </param>
          </params>
          <reporter-output>
          </reporter-output>
        </test-method> <!-- getResult -->
      </class> <!-- QA.Tests.Test8 -->
      <class name="QA.Tests.Test5">
        <test-method status="PASS" signature="SFDCLogincheck(java.lang.String, java.lang.String)[pri:0, instance:QA.Tests.Test5@5ff2b8ca]" name="SFDCLogincheck" duration-ms="10556" started-at="2019-07-29T07:18:06Z" data-provider="LoginProvider" finished-at="2019-07-29T07:18:17Z">
          <params>
            <param index="0">
              <value>
                <![CDATA[HP_TEST_5]]>
              </value>
            </param>
            <param index="1">
              <value>
                <![CDATA[Gtl@123]]>
              </value>
            </param>
          </params>
          <reporter-output>
          </reporter-output>
        </test-method> <!-- SFDCLogincheck -->
        <test-method status="FAIL" signature="getResult(org.testng.ITestResult)[pri:0, instance:QA.Tests.Test5@5ff2b8ca]" name="getResult" is-config="true" duration-ms="11" started-at="2019-07-29T07:18:17Z" finished-at="2019-07-29T07:18:17Z">
          <params>
            <param index="0">
              <value>
                <![CDATA[[TestResult name=SFDCLogincheck status=SUCCESS method=Test5.SFDCLogincheck(java.lang.String, java.lang.String)[pri:0, instance:QA.Tests.Test5@5ff2b8ca] output={null}]]]>
              </value>
            </param>
          </params>
          <exception class="java.lang.NullPointerException">
            <full-stacktrace>
              <![CDATA[java.lang.NullPointerException
at QA.Tests.TestBase.getResult(TestBase.java:88)
at sun.reflect.NativeMethodAccessorImpl.invoke0(Native Method)
at sun.reflect.NativeMethodAccessorImpl.invoke(Unknown Source)
at sun.reflect.DelegatingMethodAccessorImpl.invoke(Unknown Source)
at java.lang.reflect.Method.invoke(Unknown Source)
at org.testng.internal.MethodInvocationHelper.invokeMethod(MethodInvocationHelper.java:124)
at org.testng.internal.MethodInvocationHelper.invokeMethodConsideringTimeout(MethodInvocationHelper.java:59)
at org.testng.internal.Invoker.invokeConfigurationMethod(Invoker.java:458)
at org.testng.internal.Invoker.invokeConfigurations(Invoker.java:222)
at org.testng.internal.Invoker.invokeMethod(Invoker.java:646)
at org.testng.internal.Invoker.invokeTestMethod(Invoker.java:719)
at org.testng.internal.Invoker.invokeTestMethods(Invoker.java:989)
at org.testng.internal.TestMethodWorker.invokeTestMethods(TestMethodWorker.java:125)
at org.testng.internal.TestMethodWorker.run(TestMethodWorker.java:109)
at org.testng.TestRunner.privateRun(TestRunner.java:648)
at org.testng.TestRunner.run(TestRunner.java:505)
at org.testng.SuiteRunner.runTest(SuiteRunner.java:455)
at org.testng.SuiteRunner.runSequentially(SuiteRunner.java:450)
at org.testng.SuiteRunner.privateRun(SuiteRunner.java:415)
at org.testng.SuiteRunner.run(SuiteRunner.java:364)
at org.testng.SuiteRunnerWorker.runSuite(SuiteRunnerWorker.java:52)
at org.testng.SuiteRunnerWorker.run(SuiteRunnerWorker.java:84)
at org.testng.TestNG.runSuitesSequentially(TestNG.java:1208)
at org.testng.TestNG.runSuitesLocally(TestNG.java:1137)
at org.testng.TestNG.runSuites(TestNG.java:1049)
at org.testng.TestNG.run(TestNG.java:1017)
at org.testng.remote.AbstractRemoteTestNG.run(AbstractRemoteTestNG.java:115)
at org.testng.remote.RemoteTestNG.initAndRun(RemoteTestNG.java:251)
at org.testng.remote.RemoteTestNG.main(RemoteTestNG.java:77)
]]>
            </full-stacktrace>
          </exception> <!-- java.lang.NullPointerException -->
          <reporter-output>
          </reporter-output>
        </test-method> <!-- getResult -->
      </class> <!-- QA.Tests.Test5 -->
      <class name="QA.Tests.Test6">
        <test-method status="PASS" signature="FinalProductCheck()[pri:0, instance:QA.Tests.Test6@618ad2aa]" name="FinalProductCheck" duration-ms="32134" started-at="2019-07-29T07:18:17Z" finished-at="2019-07-29T07:18:49Z">
          <reporter-output>
          </reporter-output>
        </test-method> <!-- FinalProductCheck -->
        <test-method status="PASS" signature="getResult(org.testng.ITestResult)[pri:0, instance:QA.Tests.Test6@618ad2aa]" name="getResult" is-config="true" duration-ms="7" started-at="2019-07-29T07:18:49Z" finished-at="2019-07-29T07:18:49Z">
          <params>
            <param index="0">
              <value>
                <![CDATA[[TestResult name=FinalProductCheck status=SUCCESS method=Test6.FinalProductCheck()[pri:0, instance:QA.Tests.Test6@618ad2aa] output={null}]]]>
              </value>
            </param>
          </params>
          <reporter-output>
          </reporter-output>
        </test-method> <!-- getResult -->
      </class> <!-- QA.Tests.Test6 -->
    </test> <!-- Sample Automation Test -->
  </suite> <!-- Suite -->
</testng-results>
