<?xml version="1.0" encoding="UTF-8"?>
<testng-results skipped="0" failed="0" ignored="0" total="1" passed="1">
  <reporter-output>
  </reporter-output>
  <suite name="Default suite" duration-ms="52247" started-at="2019-07-29T09:24:28Z" finished-at="2019-07-29T09:25:20Z">
    <groups>
    </groups>
    <test name="Default test" duration-ms="52247" started-at="2019-07-29T09:24:28Z" finished-at="2019-07-29T09:25:20Z">
      <class name="QA.Tests.Test9">
        <test-method status="PASS" signature="initialize()[pri:0, instance:QA.Tests.Test9@112d1c8e]" name="initialize" is-config="true" duration-ms="5787" started-at="2019-07-29T09:24:28Z" finished-at="2019-07-29T09:24:34Z">
          <reporter-output>
          </reporter-output>
        </test-method> <!-- initialize -->
        <test-method status="PASS" signature="AddCustomer()[pri:20, instance:QA.Tests.Test9@112d1c8e]" name="AddCustomer" duration-ms="45002" started-at="2019-07-29T09:24:34Z" description="AddCustomer" finished-at="2019-07-29T09:25:19Z">
          <reporter-output>
          </reporter-output>
        </test-method> <!-- AddCustomer -->
        <test-method status="PASS" signature="getResult(org.testng.ITestResult)[pri:0, instance:QA.Tests.Test9@112d1c8e]" name="getResult" is-config="true" duration-ms="7" started-at="2019-07-29T09:25:19Z" finished-at="2019-07-29T09:25:19Z">
          <params>
            <param index="0">
              <value>
                <![CDATA[[TestResult name=AddCustomer status=SUCCESS method=Test9.AddCustomer()[pri:20, instance:QA.Tests.Test9@112d1c8e] output={null}]]]>
              </value>
            </param>
          </params>
          <reporter-output>
          </reporter-output>
        </test-method> <!-- getResult -->
        <test-method status="PASS" signature="TeardownTest()[pri:0, instance:QA.Tests.Test9@112d1c8e]" name="TeardownTest" is-config="true" duration-ms="1222" started-at="2019-07-29T09:25:19Z" finished-at="2019-07-29T09:25:20Z">
          <reporter-output>
          </reporter-output>
        </test-method> <!-- TeardownTest -->
      </class> <!-- QA.Tests.Test9 -->
    </test> <!-- Default test -->
  </suite> <!-- Default suite -->
</testng-results>
