<?xml version="1.0" encoding="UTF-8"?>
<testng-results skipped="0" failed="0" ignored="0" total="1" passed="1">
  <reporter-output>
  </reporter-output>
  <suite name="Default suite" duration-ms="82890" started-at="2019-07-26T10:11:37Z" finished-at="2019-07-26T10:13:00Z">
    <groups>
    </groups>
    <test name="Default test" duration-ms="82890" started-at="2019-07-26T10:11:37Z" finished-at="2019-07-26T10:13:00Z">
      <class name="QA.Tests.Test6">
        <test-method status="PASS" signature="initialize()[pri:0, instance:QA.Tests.Test6@1849db1a]" name="initialize" is-config="true" duration-ms="6088" started-at="2019-07-26T10:11:37Z" finished-at="2019-07-26T10:11:43Z">
          <reporter-output>
          </reporter-output>
        </test-method> <!-- initialize -->
        <test-method status="PASS" signature="FinalProductCheck()[pri:0, instance:QA.Tests.Test6@1849db1a]" name="FinalProductCheck" duration-ms="75306" started-at="2019-07-26T10:11:43Z" finished-at="2019-07-26T10:12:58Z">
          <reporter-output>
          </reporter-output>
        </test-method> <!-- FinalProductCheck -->
        <test-method status="PASS" signature="getResult(org.testng.ITestResult)[pri:0, instance:QA.Tests.Test6@1849db1a]" name="getResult" is-config="true" duration-ms="22" started-at="2019-07-26T10:12:58Z" finished-at="2019-07-26T10:12:58Z">
          <params>
            <param index="0">
              <value>
                <![CDATA[[TestResult name=FinalProductCheck status=SUCCESS method=Test6.FinalProductCheck()[pri:0, instance:QA.Tests.Test6@1849db1a] output={null}]]]>
              </value>
            </param>
          </params>
          <reporter-output>
          </reporter-output>
        </test-method> <!-- getResult -->
        <test-method status="PASS" signature="TeardownTest()[pri:0, instance:QA.Tests.Test6@1849db1a]" name="TeardownTest" is-config="true" duration-ms="1224" started-at="2019-07-26T10:12:59Z" finished-at="2019-07-26T10:13:00Z">
          <reporter-output>
          </reporter-output>
        </test-method> <!-- TeardownTest -->
      </class> <!-- QA.Tests.Test6 -->
    </test> <!-- Default test -->
  </suite> <!-- Default suite -->
</testng-results>
