<?xml version="1.0" encoding="UTF-8"?>
<testng-results skipped="0" failed="0" ignored="6" total="11" passed="5">
  <reporter-output>
  </reporter-output>
  <suite name="Suite" duration-ms="42870" started-at="2019-07-25T12:06:25Z" finished-at="2019-07-25T12:07:08Z">
    <groups>
    </groups>
    <test name="Sample Automation Test" duration-ms="42870" started-at="2019-07-25T12:06:25Z" finished-at="2019-07-25T12:07:08Z">
      <class name="QA.Tests.Test4">
        <test-method status="PASS" signature="SFDCLogincheck(java.lang.String, java.lang.String)[pri:0, instance:QA.Tests.Test4@7d5508e0]" name="SFDCLogincheck" duration-ms="11047" started-at="2019-07-25T12:06:34Z" data-provider="LoginProvider" finished-at="2019-07-25T12:06:45Z">
          <params>
            <param index="0">
              <value>
                <![CDATA[HP_TEST_1]]>
              </value>
            </param>
            <param index="1">
              <value>
                <![CDATA[Gtl@123]]>
              </value>
            </param>
          </params>
          <reporter-output>
          </reporter-output>
        </test-method> <!-- SFDCLogincheck -->
        <test-method status="PASS" signature="getResult(org.testng.ITestResult)[pri:0, instance:QA.Tests.Test4@7d5508e0]" name="getResult" is-config="true" duration-ms="5" started-at="2019-07-25T12:06:45Z" finished-at="2019-07-25T12:06:45Z">
          <params>
            <param index="0">
              <value>
                <![CDATA[[TestResult name=SFDCLogincheck status=SUCCESS method=Test4.SFDCLogincheck(java.lang.String, java.lang.String)[pri:0, instance:QA.Tests.Test4@7d5508e0] output={null}]]]>
              </value>
            </param>
          </params>
          <reporter-output>
          </reporter-output>
        </test-method> <!-- getResult -->
        <test-method status="PASS" signature="SFDCLogincheck(java.lang.String, java.lang.String)[pri:0, instance:QA.Tests.Test4@7d5508e0]" name="SFDCLogincheck" duration-ms="5095" started-at="2019-07-25T12:06:45Z" data-provider="LoginProvider" finished-at="2019-07-25T12:06:50Z">
          <params>
            <param index="0">
              <value>
                <![CDATA[HP_TEST_2]]>
              </value>
            </param>
            <param index="1">
              <value>
                <![CDATA[Gtl@123]]>
              </value>
            </param>
          </params>
          <reporter-output>
          </reporter-output>
        </test-method> <!-- SFDCLogincheck -->
        <test-method status="PASS" signature="getResult(org.testng.ITestResult)[pri:0, instance:QA.Tests.Test4@7d5508e0]" name="getResult" is-config="true" duration-ms="1" started-at="2019-07-25T12:06:50Z" finished-at="2019-07-25T12:06:50Z">
          <params>
            <param index="0">
              <value>
                <![CDATA[[TestResult name=SFDCLogincheck status=SUCCESS method=Test4.SFDCLogincheck(java.lang.String, java.lang.String)[pri:0, instance:QA.Tests.Test4@7d5508e0] output={null}]]]>
              </value>
            </param>
          </params>
          <reporter-output>
          </reporter-output>
        </test-method> <!-- getResult -->
        <test-method status="PASS" signature="SFDCLogincheck(java.lang.String, java.lang.String)[pri:0, instance:QA.Tests.Test4@7d5508e0]" name="SFDCLogincheck" duration-ms="5426" started-at="2019-07-25T12:06:50Z" data-provider="LoginProvider" finished-at="2019-07-25T12:06:56Z">
          <params>
            <param index="0">
              <value>
                <![CDATA[HP_TEST_3]]>
              </value>
            </param>
            <param index="1">
              <value>
                <![CDATA[Gtl@123]]>
              </value>
            </param>
          </params>
          <reporter-output>
          </reporter-output>
        </test-method> <!-- SFDCLogincheck -->
        <test-method status="PASS" signature="getResult(org.testng.ITestResult)[pri:0, instance:QA.Tests.Test4@7d5508e0]" name="getResult" is-config="true" duration-ms="1" started-at="2019-07-25T12:06:56Z" finished-at="2019-07-25T12:06:56Z">
          <params>
            <param index="0">
              <value>
                <![CDATA[[TestResult name=SFDCLogincheck status=SUCCESS method=Test4.SFDCLogincheck(java.lang.String, java.lang.String)[pri:0, instance:QA.Tests.Test4@7d5508e0] output={null}]]]>
              </value>
            </param>
          </params>
          <reporter-output>
          </reporter-output>
        </test-method> <!-- getResult -->
        <test-method status="PASS" signature="SFDCLogincheck(java.lang.String, java.lang.String)[pri:0, instance:QA.Tests.Test4@7d5508e0]" name="SFDCLogincheck" duration-ms="4066" started-at="2019-07-25T12:06:56Z" data-provider="LoginProvider" finished-at="2019-07-25T12:07:00Z">
          <params>
            <param index="0">
              <value>
                <![CDATA[HP_TEST_4]]>
              </value>
            </param>
            <param index="1">
              <value>
                <![CDATA[Gtl@123]]>
              </value>
            </param>
          </params>
          <reporter-output>
          </reporter-output>
        </test-method> <!-- SFDCLogincheck -->
        <test-method status="PASS" signature="getResult(org.testng.ITestResult)[pri:0, instance:QA.Tests.Test4@7d5508e0]" name="getResult" is-config="true" duration-ms="1" started-at="2019-07-25T12:07:00Z" finished-at="2019-07-25T12:07:00Z">
          <params>
            <param index="0">
              <value>
                <![CDATA[[TestResult name=SFDCLogincheck status=SUCCESS method=Test4.SFDCLogincheck(java.lang.String, java.lang.String)[pri:0, instance:QA.Tests.Test4@7d5508e0] output={null}]]]>
              </value>
            </param>
          </params>
          <reporter-output>
          </reporter-output>
        </test-method> <!-- getResult -->
        <test-method status="PASS" signature="SFDCLogincheck(java.lang.String, java.lang.String)[pri:0, instance:QA.Tests.Test4@7d5508e0]" name="SFDCLogincheck" duration-ms="5096" started-at="2019-07-25T12:07:00Z" data-provider="LoginProvider" finished-at="2019-07-25T12:07:05Z">
          <params>
            <param index="0">
              <value>
                <![CDATA[HP_TEST_5]]>
              </value>
            </param>
            <param index="1">
              <value>
                <![CDATA[Gtl@123]]>
              </value>
            </param>
          </params>
          <reporter-output>
          </reporter-output>
        </test-method> <!-- SFDCLogincheck -->
        <test-method status="PASS" signature="getResult(org.testng.ITestResult)[pri:0, instance:QA.Tests.Test4@7d5508e0]" name="getResult" is-config="true" duration-ms="1" started-at="2019-07-25T12:07:05Z" finished-at="2019-07-25T12:07:05Z">
          <params>
            <param index="0">
              <value>
                <![CDATA[[TestResult name=SFDCLogincheck status=SUCCESS method=Test4.SFDCLogincheck(java.lang.String, java.lang.String)[pri:0, instance:QA.Tests.Test4@7d5508e0] output={null}]]]>
              </value>
            </param>
          </params>
          <reporter-output>
          </reporter-output>
        </test-method> <!-- getResult -->
      </class> <!-- QA.Tests.Test4 -->
      <class name="QA.Tests.Test1">
        <test-method status="PASS" signature="initialize()[pri:0, instance:QA.Tests.Test1@7f7af971]" name="initialize" is-config="true" duration-ms="6094" started-at="2019-07-25T12:06:25Z" finished-at="2019-07-25T12:06:31Z">
          <reporter-output>
          </reporter-output>
        </test-method> <!-- initialize -->
        <test-method status="PASS" signature="TeardownTest()[pri:0, instance:QA.Tests.Test1@7f7af971]" name="TeardownTest" is-config="true" duration-ms="2666" started-at="2019-07-25T12:07:05Z" finished-at="2019-07-25T12:07:08Z">
          <reporter-output>
          </reporter-output>
        </test-method> <!-- TeardownTest -->
      </class> <!-- QA.Tests.Test1 -->
    </test> <!-- Sample Automation Test -->
  </suite> <!-- Suite -->
</testng-results>
