<?xml version="1.0" encoding="UTF-8"?>
<testng-results skipped="0" failed="0" ignored="6" total="7" passed="1">
  <reporter-output>
  </reporter-output>
  <suite name="Suite" duration-ms="34471" started-at="2019-07-25T11:00:18Z" finished-at="2019-07-25T11:00:52Z">
    <groups>
    </groups>
    <test name="Sample Automation Test" duration-ms="34471" started-at="2019-07-25T11:00:18Z" finished-at="2019-07-25T11:00:52Z">
      <class name="QA.Tests.Test1">
        <test-method status="PASS" signature="initialize()[pri:0, instance:QA.Tests.Test1@61dde151]" name="initialize" is-config="true" duration-ms="12902" started-at="2019-07-25T11:00:18Z" finished-at="2019-07-25T11:00:31Z">
          <reporter-output>
          </reporter-output>
        </test-method> <!-- initialize -->
        <test-method status="PASS" signature="TeardownTest()[pri:0, instance:QA.Tests.Test1@61dde151]" name="TeardownTest" is-config="true" duration-ms="676" started-at="2019-07-25T11:00:52Z" finished-at="2019-07-25T11:00:52Z">
          <reporter-output>
          </reporter-output>
        </test-method> <!-- TeardownTest -->
      </class> <!-- QA.Tests.Test1 -->
      <class name="QA.Tests.Test5">
        <test-method status="PASS" signature="SFDCLogincheck(java.lang.String, java.lang.String)[pri:0, instance:QA.Tests.Test5@59c33386]" name="SFDCLogincheck" duration-ms="17625" started-at="2019-07-25T11:00:33Z" data-provider="LoginProvider" finished-at="2019-07-25T11:00:51Z">
          <params>
            <param index="0">
              <value>
                <![CDATA[HP_TEST_5]]>
              </value>
            </param>
            <param index="1">
              <value>
                <![CDATA[Gtl@123]]>
              </value>
            </param>
          </params>
          <reporter-output>
          </reporter-output>
        </test-method> <!-- SFDCLogincheck -->
        <test-method status="FAIL" signature="getResult(org.testng.ITestResult)[pri:0, instance:QA.Tests.Test5@59c33386]" name="getResult" is-config="true" duration-ms="16" started-at="2019-07-25T11:00:51Z" finished-at="2019-07-25T11:00:51Z">
          <params>
            <param index="0">
              <value>
                <![CDATA[[TestResult name=SFDCLogincheck status=SUCCESS method=Test5.SFDCLogincheck(java.lang.String, java.lang.String)[pri:0, instance:QA.Tests.Test5@59c33386] output={null}]]]>
              </value>
            </param>
          </params>
          <exception class="java.lang.NullPointerException">
            <full-stacktrace>
              <![CDATA[java.lang.NullPointerException
at QA.Tests.TestBase.getResult(TestBase.java:87)
at sun.reflect.NativeMethodAccessorImpl.invoke0(Native Method)
at sun.reflect.NativeMethodAccessorImpl.invoke(NativeMethodAccessorImpl.java:62)
at sun.reflect.DelegatingMethodAccessorImpl.invoke(DelegatingMethodAccessorImpl.java:43)
at java.lang.reflect.Method.invoke(Method.java:498)
at org.testng.internal.MethodInvocationHelper.invokeMethod(MethodInvocationHelper.java:124)
at org.testng.internal.MethodInvocationHelper.invokeMethodConsideringTimeout(MethodInvocationHelper.java:59)
at org.testng.internal.Invoker.invokeConfigurationMethod(Invoker.java:458)
at org.testng.internal.Invoker.invokeConfigurations(Invoker.java:222)
at org.testng.internal.Invoker.invokeMethod(Invoker.java:646)
at org.testng.internal.Invoker.invokeTestMethod(Invoker.java:719)
at org.testng.internal.Invoker.invokeTestMethods(Invoker.java:989)
at org.testng.internal.TestMethodWorker.invokeTestMethods(TestMethodWorker.java:125)
at org.testng.internal.TestMethodWorker.run(TestMethodWorker.java:109)
at org.testng.TestRunner.privateRun(TestRunner.java:648)
at org.testng.TestRunner.run(TestRunner.java:505)
at org.testng.SuiteRunner.runTest(SuiteRunner.java:455)
at org.testng.SuiteRunner.runSequentially(SuiteRunner.java:450)
at org.testng.SuiteRunner.privateRun(SuiteRunner.java:415)
at org.testng.SuiteRunner.run(SuiteRunner.java:364)
at org.testng.SuiteRunnerWorker.runSuite(SuiteRunnerWorker.java:52)
at org.testng.SuiteRunnerWorker.run(SuiteRunnerWorker.java:84)
at org.testng.TestNG.runSuitesSequentially(TestNG.java:1208)
at org.testng.TestNG.runSuitesLocally(TestNG.java:1137)
at org.testng.TestNG.runSuites(TestNG.java:1049)
at org.testng.TestNG.run(TestNG.java:1017)
at org.apache.maven.surefire.testng.TestNGExecutor.run(TestNGExecutor.java:283)
at org.apache.maven.surefire.testng.TestNGXmlTestSuite.execute(TestNGXmlTestSuite.java:75)
at org.apache.maven.surefire.testng.TestNGProvider.invoke(TestNGProvider.java:120)
at org.apache.maven.surefire.booter.ForkedBooter.invokeProviderInSameClassLoader(ForkedBooter.java:384)
at org.apache.maven.surefire.booter.ForkedBooter.runSuitesInProcess(ForkedBooter.java:345)
at org.apache.maven.surefire.booter.ForkedBooter.execute(ForkedBooter.java:126)
at org.apache.maven.surefire.booter.ForkedBooter.main(ForkedBooter.java:418)
]]>
            </full-stacktrace>
          </exception> <!-- java.lang.NullPointerException -->
          <reporter-output>
          </reporter-output>
        </test-method> <!-- getResult -->
      </class> <!-- QA.Tests.Test5 -->
    </test> <!-- Sample Automation Test -->
  </suite> <!-- Suite -->
</testng-results>
