-------------------------------------------------------------------------------
Test set: TestSuite
-------------------------------------------------------------------------------
Tests run: 2, Failures: 1, Errors: 0, Skipped: 0, Time elapsed: 38.956 s <<< FAILURE! - in TestSuite
getResult(QA.Tests.Test5)  Time elapsed: 18.277 s  <<< FAILURE!
java.lang.NullPointerException

