<?xml version="1.0" encoding="UTF-8"?>
<testsuite xmlns:xsi="http://www.w3.org/2001/XMLSchema-instance" xsi:noNamespaceSchemaLocation="https://maven.apache.org/surefire/maven-surefire-plugin/xsd/surefire-test-report-3.0.xsd" version="3.0" name="TestSuite" time="4.977" tests="47" errors="0" skipped="28" failures="18">
  <properties>
[...]
</properties>
  <testcase name="NAVIGATE_TO_URL_CLICK_SIGN" classname="QA.Tests.Test1" time="0.072">
    <failure type="java.lang.NullPointerException">java.lang.NullPointerException
	at QA.Tests.Test1.NAVIGATE_TO_URL_CLICK_SIGN(Test1.java:35)
</failure>
    <system-out><![CDATA[===================================================================
This is onStart methodD:\AC0189\eclipse-workspace\IPC-AUTOMATION\target\surefire-reports\Suite
===================================================================
===================================================================
NAVIGATE_TO_URL_CLICK_SIGN Test Case Started
===================================================================
I am in onTestStart method NAVIGATE_TO_URL_CLICK_SIGN start
]]></system-out>
    <system-err><![CDATA[1792 [main] INFO org.mortbay.log - Logging to org.slf4j.impl.SimpleLogger(org.mortbay.log) via org.mortbay.log.Slf4jLog
1792 [main] INFO org.mortbay.log - Test Started
]]></system-err>
  </testcase>
  <testcase name="getResult" classname="QA.Tests.Test1" time="0.263">
    <failure type="java.lang.NullPointerException">java.lang.NullPointerException
</failure>
    <system-out><![CDATA[===================================================================
NAVIGATE_TO_URL_CLICK_SIGN Test Case failed
===================================================================
]]></system-out>
  </testcase>
  <testcase name="getResult" classname="QA.Tests.Test1" time="0">
    <skipped/>
    <system-out><![CDATA[===================================================================
ENTER_UNAME_PWRD_LOGIN Test Case Skipped
===================================================================
]]></system-out>
  </testcase>
  <testcase name="getResult" classname="QA.Tests.Test1" time="0">
    <skipped/>
    <system-out><![CDATA[===================================================================
CLICK_ON_WOMAN_TAB Test Case Skipped
===================================================================
]]></system-out>
  </testcase>
  <testcase name="getResult" classname="QA.Tests.Test1" time="0">
    <skipped/>
    <system-out><![CDATA[===================================================================
CLICK_ON_WOMAN_TAB_TOPS Test Case Skipped
===================================================================
]]></system-out>
  </testcase>
  <testcase name="getResult" classname="QA.Tests.Test1" time="0">
    <skipped/>
    <system-out><![CDATA[===================================================================
CLICK_ON_WOMAN_TSHIRTS Test Case Skipped
===================================================================
]]></system-out>
  </testcase>
  <testcase name="getResult" classname="QA.Tests.Test1" time="0">
    <skipped/>
    <system-out><![CDATA[===================================================================
CLICK_ON_PRODUCT Test Case Skipped
===================================================================
]]></system-out>
  </testcase>
  <testcase name="getResult" classname="QA.Tests.Test1" time="0">
    <skipped/>
    <system-out><![CDATA[===================================================================
PRODUCT_ADD_TO_CART Test Case Skipped
===================================================================
]]></system-out>
  </testcase>
  <testcase name="ENTER_UNAME_PWRD_LOGIN" classname="QA.Tests.Test1" time="0">
    <skipped/>
  </testcase>
  <testcase name="CLICK_ON_WOMAN_TAB" classname="QA.Tests.Test1" time="0">
    <skipped/>
  </testcase>
  <testcase name="CLICK_ON_WOMAN_TAB_TOPS" classname="QA.Tests.Test1" time="0">
    <skipped/>
  </testcase>
  <testcase name="CLICK_ON_WOMAN_TSHIRTS" classname="QA.Tests.Test1" time="0">
    <skipped/>
  </testcase>
  <testcase name="CLICK_ON_PRODUCT" classname="QA.Tests.Test1" time="0">
    <skipped/>
  </testcase>
  <testcase name="PRODUCT_ADD_TO_CART" classname="QA.Tests.Test1" time="0">
    <skipped/>
  </testcase>
  <testcase name="PATINET_DEMO_CREATION" classname="QA.Tests.Test2" time="0.048"/>
  <testcase name="PATINET_DEMO_UPDATE" classname="QA.Tests.Test2" time="0.003">
    <failure type="java.lang.NullPointerException">java.lang.NullPointerException
	at QA.Tests.Test2.PATINET_DEMO_UPDATE(Test2.java:41)
</failure>
    <system-out><![CDATA[===================================================================
PATINET_DEMO_CREATION Test Successfully Finished
===================================================================
I am in onTestSuccess method PATINET_DEMO_CREATION succeed
===================================================================
PATINET_DEMO_UPDATE Test Case Started
===================================================================
I am in onTestStart method PATINET_DEMO_UPDATE start
]]></system-out>
  </testcase>
  <testcase name="getResult" classname="QA.Tests.Test2" time="0.008">
    <failure type="java.lang.NullPointerException">java.lang.NullPointerException
</failure>
    <system-out><![CDATA[===================================================================
PATINET_DEMO_UPDATE Test Case failed
===================================================================
]]></system-out>
  </testcase>
  <testcase name="NAVIGATE_TO_GOOGLE" classname="QA.Tests.Test3" time="0.004">
    <failure type="java.lang.NullPointerException">java.lang.NullPointerException
	at QA.Tests.Test3.NAVIGATE_TO_GOOGLE(Test3.java:27)
</failure>
    <system-out><![CDATA[===================================================================
NAVIGATE_TO_GOOGLE Test Case Started
===================================================================
I am in onTestStart method NAVIGATE_TO_GOOGLE start
]]></system-out>
  </testcase>
  <testcase name="getResult" classname="QA.Tests.Test3" time="0.009">
    <failure type="java.lang.NullPointerException">java.lang.NullPointerException
</failure>
    <system-out><![CDATA[===================================================================
NAVIGATE_TO_GOOGLE Test Case failed
===================================================================
]]></system-out>
  </testcase>
  <testcase name="getResult" classname="QA.Tests.Test3" time="0">
    <skipped/>
    <system-out><![CDATA[===================================================================
CLICK_ON_3rdRESULT Test Case Skipped
===================================================================
]]></system-out>
  </testcase>
  <testcase name="getResult" classname="QA.Tests.Test3" time="0">
    <skipped/>
    <system-out><![CDATA[===================================================================
RESULT_TITLE_VERIFY Test Case Skipped
===================================================================
]]></system-out>
  </testcase>
  <testcase name="getResult" classname="QA.Tests.Test3" time="0">
    <skipped/>
    <system-out><![CDATA[===================================================================
GoogleNews_TitleVerify Test Case Skipped
===================================================================
]]></system-out>
  </testcase>
  <testcase name="CLICK_ON_3rdRESULT" classname="QA.Tests.Test3" time="0">
    <skipped/>
  </testcase>
  <testcase name="RESULT_TITLE_VERIFY" classname="QA.Tests.Test3" time="0">
    <skipped/>
  </testcase>
  <testcase name="GoogleNews_TitleVerify" classname="QA.Tests.Test3" time="0">
    <skipped/>
  </testcase>
  <testcase name="SFDCLogincheck" classname="QA.Tests.Test4" time="0.01">
    <failure type="java.lang.NullPointerException">java.lang.NullPointerException
	at QA.Tests.Test4.SFDCLogincheck(Test4.java:37)
</failure>
    <system-out><![CDATA[HP_TEST_1
Gtl@123
HP_TEST_2
Gtl@123
HP_TEST_3
Gtl@123
HP_TEST_4
Gtl@123
HP_TEST_5
Gtl@123
===================================================================
SFDCLogincheck Test Case Started
===================================================================
I am in onTestStart method SFDCLogincheck start
]]></system-out>
  </testcase>
  <testcase name="SFDCLogincheck" classname="QA.Tests.Test4" time="0">
    <skipped/>
  </testcase>
  <testcase name="SFDCLogincheck" classname="QA.Tests.Test4" time="0">
    <skipped/>
  </testcase>
  <testcase name="SFDCLogincheck" classname="QA.Tests.Test4" time="0">
    <skipped/>
  </testcase>
  <testcase name="SFDCLogincheck" classname="QA.Tests.Test4" time="0">
    <skipped/>
  </testcase>
  <testcase name="getResult" classname="QA.Tests.Test4" time="0.022">
    <failure type="java.lang.NullPointerException">java.lang.NullPointerException
</failure>
    <system-out><![CDATA[===================================================================
SFDCLogincheck Test Case failed
===================================================================
]]></system-out>
  </testcase>
  <testcase name="getResult" classname="QA.Tests.Test4" time="0">
    <skipped/>
    <system-out><![CDATA[===================================================================
SFDCLogincheck Test Case Skipped
===================================================================
]]></system-out>
  </testcase>
  <testcase name="getResult" classname="QA.Tests.Test4" time="0">
    <skipped/>
    <system-out><![CDATA[===================================================================
SFDCLogincheck Test Case Skipped
===================================================================
]]></system-out>
  </testcase>
  <testcase name="getResult" classname="QA.Tests.Test4" time="0">
    <skipped/>
    <system-out><![CDATA[===================================================================
SFDCLogincheck Test Case Skipped
===================================================================
]]></system-out>
  </testcase>
  <testcase name="getResult" classname="QA.Tests.Test4" time="0">
    <skipped/>
    <system-out><![CDATA[===================================================================
SFDCLogincheck Test Case Skipped
===================================================================
]]></system-out>
  </testcase>
  <testcase name="SFDCLogincheck" classname="QA.Tests.Test5" time="0.014">
    <failure type="java.lang.NullPointerException">java.lang.NullPointerException
	at QA.Tests.Test5.SFDCLogincheck(Test5.java:46)
</failure>
    <system-out><![CDATA[HP_TEST_5
Gtl@123
===================================================================
SFDCLogincheck Test Case Started
===================================================================
I am in onTestStart method SFDCLogincheck start
]]></system-out>
  </testcase>
  <testcase name="getResult" classname="QA.Tests.Test5" time="0.016">
    <failure type="java.lang.NullPointerException">java.lang.NullPointerException
</failure>
    <system-out><![CDATA[===================================================================
SFDCLogincheck Test Case failed
===================================================================
]]></system-out>
  </testcase>
  <testcase name="FinalProductCheck" classname="QA.Tests.Test6" time="0.028">
    <failure type="java.lang.NullPointerException">java.lang.NullPointerException
	at QA.Tests.Test6.FinalProductCheck(Test6.java:16)
</failure>
    <system-out><![CDATA[===================================================================
FinalProductCheck Test Case Started
===================================================================
I am in onTestStart method FinalProductCheck start
]]></system-out>
  </testcase>
  <testcase name="getResult" classname="QA.Tests.Test6" time="0.033">
    <failure type="java.lang.NullPointerException">java.lang.NullPointerException
</failure>
    <system-out><![CDATA[===================================================================
FinalProductCheck Test Case failed
===================================================================
]]></system-out>
  </testcase>
  <testcase name="G99login" classname="QA.Tests.Test7" time="0.037">
    <failure type="java.lang.NullPointerException">java.lang.NullPointerException
	at QA.Tests.Test7.G99login(Test7.java:22)
</failure>
    <system-out><![CDATA[===================================================================
G99login Test Case Started
===================================================================
I am in onTestStart method G99login start
]]></system-out>
  </testcase>
  <testcase name="getResult" classname="QA.Tests.Test7" time="0.04">
    <failure type="java.lang.NullPointerException">java.lang.NullPointerException
</failure>
    <system-out><![CDATA[===================================================================
G99login Test Case failed
===================================================================
]]></system-out>
  </testcase>
  <testcase name="AddCustomer" classname="QA.Tests.Test8" time="0.012">
    <failure type="java.lang.NullPointerException">java.lang.NullPointerException
	at QA.Tests.Test8.AddCustomer(Test8.java:24)
</failure>
    <system-out><![CDATA[===================================================================
AddCustomer Test Case Started
===================================================================
I am in onTestStart method AddCustomer start
]]></system-out>
  </testcase>
  <testcase name="AddCustomer" classname="QA.Tests.Test8" time="0">
    <skipped/>
  </testcase>
  <testcase name="getResult" classname="QA.Tests.Test8" time="0.03">
    <failure type="java.lang.NullPointerException">java.lang.NullPointerException
</failure>
    <system-out><![CDATA[===================================================================
AddCustomer Test Case failed
===================================================================
]]></system-out>
  </testcase>
  <testcase name="getResult" classname="QA.Tests.Test8" time="0">
    <skipped/>
    <system-out><![CDATA[===================================================================
AddCustomer Test Case Skipped
===================================================================
]]></system-out>
  </testcase>
  <testcase name="AddCustomer" classname="QA.Tests.Test9" time="0.095">
    <failure type="java.lang.NullPointerException">java.lang.NullPointerException
	at QA.Tests.Test9.AddCustomer(Test9.java:31)
</failure>
    <system-out><![CDATA[===================================================================
AddCustomer Test Case Started
===================================================================
I am in onTestStart method AddCustomer start
]]></system-out>
  </testcase>
  <testcase name="getResult" classname="QA.Tests.Test9" time="0.101">
    <failure type="java.lang.NullPointerException">java.lang.NullPointerException
</failure>
    <system-out><![CDATA[===================================================================
AddCustomer Test Case failed
===================================================================
]]></system-out>
  </testcase>
</testsuite>