<?xml version="1.0" encoding="UTF-8"?>
<!-- Generated by org.testng.reporters.JUnitXMLReporter -->
<testsuite ignored="0" hostname="Hiteshkumar" failures="2" tests="4" name="Test" time="1.293" errors="0" timestamp="22 Jul 2019 19:07:26 GMT">
  <testcase classname="com.Tests.CapturingScreenshot" name="@AfterMethod getResult" time="0.012">
    <failure type="java.lang.NullPointerException">
      <![CDATA[java.lang.NullPointerException
at com.Tests.GetScreenShot.capture(GetScreenShot.java:14)
at com.Tests.CapturingScreenshot.getResult(CapturingScreenshot.java:43)
... Removed 28 stack frames]]>
    </failure>
  </testcase> <!-- @AfterMethod getResult -->
  <testcase classname="com.Tests.CapturingScreenshot" name="@AfterTest endreport" time="0.0">
    <skipped/>
  </testcase> <!-- @AfterTest endreport -->
  <testcase classname="com.Tests.CreatingStepLogs" name="@AfterTest tearDown" time="0.0">
    <skipped/>
  </testcase> <!-- @AfterTest tearDown -->
  <testcase classname="com.Tests.GenerateExtentReport" name="@AfterTest endreport" time="0.0">
    <skipped/>
  </testcase> <!-- @AfterTest endreport -->
  <testcase classname="com.Tests.GenerateExtentReport" name="demoReportFail" time="0.037">
    <failure type="java.lang.AssertionError" message="expected [true] but found [false]">
      <![CDATA[java.lang.AssertionError: expected [true] but found [false]
at com.Tests.GenerateExtentReport.demoReportFail(GenerateExtentReport.java:39)
... Removed 29 stack frames]]>
    </failure>
  </testcase> <!-- demoReportFail -->
  <testcase classname="com.Tests.GenerateExtentReport" name="demoReportPass" time="0.008"/>
  <testcase classname="com.Tests.CreatingStepLogs" name="stepLogsGeneration" time="0.005"/>
  <testcase classname="com.Tests.CapturingScreenshot" name="captureScreenshot" time="0.47">
    <failure type="java.lang.IllegalStateException" message="The path to the driver executable must be set by the webdriver.gecko.driver system property; for more information, see https://github.com/mozilla/geckodriver. The latest version can be downloaded from https://github.com/mozilla/geckodriver/releases">
      <![CDATA[java.lang.IllegalStateException: The path to the driver executable must be set by the webdriver.gecko.driver system property; for more information, see https://github.com/mozilla/geckodriver. The latest version can be downloaded from https://github.com/mozilla/geckodriver/releases
at com.google.common.base.Preconditions.checkState(Preconditions.java:847)
at org.openqa.selenium.remote.service.DriverService.findExecutable(DriverService.java:134)
at org.openqa.selenium.firefox.GeckoDriverService.access$100(GeckoDriverService.java:44)
at org.openqa.selenium.firefox.GeckoDriverService$Builder.findDefaultExecutable(GeckoDriverService.java:167)
at org.openqa.selenium.remote.service.DriverService$Builder.build(DriverService.java:355)
at org.openqa.selenium.firefox.FirefoxDriver.toExecutor(FirefoxDriver.java:190)
at org.openqa.selenium.firefox.FirefoxDriver.<init>(FirefoxDriver.java:147)
at org.openqa.selenium.firefox.FirefoxDriver.<init>(FirefoxDriver.java:125)
at com.Tests.CapturingScreenshot.captureScreenshot(CapturingScreenshot.java:31)
... Removed 25 stack frames]]>
    </failure>
  </testcase> <!-- captureScreenshot -->
</testsuite> <!-- Test -->
