<?xml version="1.0" encoding="UTF-8"?>
<!-- Generated by org.testng.reporters.JUnitXMLReporter -->
<testsuite ignored="1" hostname="Hiteshkumar" failures="1" tests="5" name="Test1" time="15.451" errors="0" timestamp="19 Jun 2019 15:57:46 GMT">
  <testcase classname="com.tests.BasicExtentReport" name="TC1" time="0.051"/>
  <testcase classname="com.tests.BasicExtentReport" name="TC2" time="0.006"/>
  <testcase classname="com.tests.BasicExtentReport" name="TC3" time="0.017"/>
  <testcase classname="com.tests.BasicExtentReport" name="TC4" time="3.111">
    <failure type="java.lang.AssertionError" message="expected [true] but found [false]">
      <![CDATA[java.lang.AssertionError: expected [true] but found [false]
at com.tests.BasicExtentReport.TC4(BasicExtentReport.java:77)
... Removed 29 stack frames]]>
    </failure>
  </testcase> <!-- TC4 -->
  <testcase classname="com.tests.BasicExtentReport" name="TC5" time="0.013">
    <skipped/>
  </testcase> <!-- TC5 -->
  <testcase classname="com.tests.BasicExtentReport" name="TC6" time="0.0">
    <ignored/>
  </testcase> <!-- TC6 -->
</testsuite> <!-- Test1 -->
