<?xml version="1.0" encoding="UTF-8"?>
<!-- Generated by org.testng.reporters.JUnitXMLReporter -->
<testsuite ignored="0" hostname="Hiteshkumar" failures="1" tests="1" name="Test2" time="24.378" errors="0" timestamp="19 Jun 2019 15:58:11 GMT">
  <testcase classname="com.tests.LoginTests" name="TestLogin" time="17.6">
    <failure type="java.lang.NullPointerException">
      <![CDATA[java.lang.NullPointerException
at Utils.excelutils.ExcelUtil.getCellData(ExcelUtil.java:86)
at com.tests.LoginTests.TestLogin(LoginTests.java:34)
... Removed 25 stack frames]]>
    </failure>
  </testcase> <!-- TestLogin -->
</testsuite> <!-- Test2 -->
