<?xml version="1.0" encoding="UTF-8"?>
<!-- Generated by org.testng.reporters.JUnitXMLReporter -->
<testsuite hostname="LIN30000206" ignored="0" name="Test4" tests="2" failures="1" timestamp="11 Jun 2019 04:18:05 GMT" time="20.745" errors="0">
  <testcase name="Test2" time="7.799" classname="com.tests.ScenarioTest2"/>
  <testcase name="Test3" time="5.799" classname="com.tests.ScenarioTest2">
    <failure type="java.lang.AssertionError" message="expected [Google] but found [Google News]">
      <![CDATA[java.lang.AssertionError: expected [Google] but found [Google News]
at com.tests.ScenarioTest2.Test3(ScenarioTest2.java:36)
... Removed 31 stack frames]]>
    </failure>
  </testcase> <!-- Test3 -->
</testsuite> <!-- Test4 -->
