<?xml version="1.0" encoding="UTF-8"?>
<!-- Generated by org.testng.reporters.JUnitXMLReporter -->
<testsuite ignored="0" hostname="Hiteshkumar" failures="1" tests="2" name="Test4" time="44.942" errors="0" timestamp="19 Jun 2019 15:59:54 GMT">
  <testcase classname="com.tests.ScenarioTest2" name="Test2" time="10.61">
    <failure type="java.util.NoSuchElementException">
      <![CDATA[java.util.NoSuchElementException
at java.base/java.util.LinkedHashMap$LinkedHashIterator.nextNode(LinkedHashMap.java:721)
at java.base/java.util.LinkedHashMap$LinkedKeyIterator.next(LinkedHashMap.java:741)
at com.pages.Google3rdResultTitle.TitleVerification(Google3rdResultTitle.java:22)
at com.tests.ScenarioTest2.Test2(ScenarioTest2.java:28)
... Removed 25 stack frames]]>
    </failure>
  </testcase> <!-- Test2 -->
  <testcase classname="com.tests.ScenarioTest2" name="Test3" time="26.149"/>
</testsuite> <!-- Test4 -->
