<?xml version="1.0" encoding="UTF-8"?>
<!-- Generated by org.testng.reporters.JUnitXMLReporter -->
<testsuite hostname="LIN30000206" ignored="1" name="Test1" tests="5" failures="1" timestamp="10 Jun 2019 14:47:34 GMT" time="11.495" errors="0">
  <testcase name="TC1" time="0.009" classname="com.tests.BasicExtentReport"/>
  <testcase name="TC2" time="0.0" classname="com.tests.BasicExtentReport"/>
  <testcase name="TC3" time="0.0" classname="com.tests.BasicExtentReport"/>
  <testcase name="TC4" time="2.728" classname="com.tests.BasicExtentReport">
    <failure type="java.lang.AssertionError" message="expected [true] but found [false]">
      <![CDATA[java.lang.AssertionError: expected [true] but found [false]
at com.tests.BasicExtentReport.TC4(BasicExtentReport.java:77)
... Removed 29 stack frames]]>
    </failure>
  </testcase> <!-- TC4 -->
  <testcase name="TC5" time="0.0" classname="com.tests.BasicExtentReport">
    <skipped/>
  </testcase> <!-- TC5 -->
  <testcase name="TC6" time="0.0" classname="com.tests.BasicExtentReport">
    <ignored/>
  </testcase> <!-- TC6 -->
</testsuite> <!-- Test1 -->
