<?xml version="1.0" encoding="UTF-8"?>
<!-- Generated by org.testng.reporters.JUnitXMLReporter -->
<testsuite hostname="ipcq16" ignored="14" name="Sample Automation Test" tests="5" failures="0" timestamp="29 Jul 2019 07:19:34 GMT" time="95.492" errors="0">
  <testcase name="@AfterMethod getResult" time="0.011" classname="QA.Tests.TestBase">
    <failure type="java.lang.NullPointerException">
      <![CDATA[java.lang.NullPointerException
at QA.Tests.TestBase.getResult(TestBase.java:88)
... Removed 28 stack frames]]>
    </failure>
  </testcase> <!-- @AfterMethod getResult -->
  <testcase name="SFDCLogincheck" time="10.556" classname="QA.Tests.Test5"/>
  <testcase name="FinalProductCheck" time="32.134" classname="QA.Tests.Test6"/>
  <testcase name="G99login" time="8.861" classname="QA.Tests.Test7"/>
  <testcase name="AddCustomer" time="16.908" classname="QA.Tests.Test8"/>
  <testcase name="AddCustomer" time="17.771" classname="QA.Tests.Test8"/>
  <testcase name="@AfterTest TeardownTest" time="0.0" classname="QA.Tests.TestBase">
    <ignored/>
  </testcase> <!-- @AfterTest TeardownTest -->
  <testcase name="@AfterTest TeardownTest" time="0.0" classname="QA.Tests.TestBase">
    <ignored/>
  </testcase> <!-- @AfterTest TeardownTest -->
  <testcase name="@AfterTest TeardownTest" time="0.0" classname="QA.Tests.TestBase">
    <ignored/>
  </testcase> <!-- @AfterTest TeardownTest -->
  <testcase name="@AfterTest TeardownTest" time="0.0" classname="QA.Tests.TestBase">
    <ignored/>
  </testcase> <!-- @AfterTest TeardownTest -->
  <testcase name="@AfterTest TeardownTest" time="0.0" classname="QA.Tests.TestBase">
    <ignored/>
  </testcase> <!-- @AfterTest TeardownTest -->
  <testcase name="@AfterTest TeardownTest" time="0.0" classname="QA.Tests.TestBase">
    <ignored/>
  </testcase> <!-- @AfterTest TeardownTest -->
  <testcase name="@AfterTest TeardownTest" time="0.0" classname="QA.Tests.TestBase">
    <ignored/>
  </testcase> <!-- @AfterTest TeardownTest -->
  <testcase name="@BeforeTest initialize" time="0.0" classname="QA.Tests.TestBase">
    <ignored/>
  </testcase> <!-- @BeforeTest initialize -->
  <testcase name="@BeforeTest initialize" time="0.0" classname="QA.Tests.TestBase">
    <ignored/>
  </testcase> <!-- @BeforeTest initialize -->
  <testcase name="@BeforeTest initialize" time="0.0" classname="QA.Tests.TestBase">
    <ignored/>
  </testcase> <!-- @BeforeTest initialize -->
  <testcase name="@BeforeTest initialize" time="0.0" classname="QA.Tests.TestBase">
    <ignored/>
  </testcase> <!-- @BeforeTest initialize -->
  <testcase name="@BeforeTest initialize" time="0.0" classname="QA.Tests.TestBase">
    <ignored/>
  </testcase> <!-- @BeforeTest initialize -->
  <testcase name="@BeforeTest initialize" time="0.0" classname="QA.Tests.TestBase">
    <ignored/>
  </testcase> <!-- @BeforeTest initialize -->
  <testcase name="@BeforeTest initialize" time="0.0" classname="QA.Tests.TestBase">
    <ignored/>
  </testcase> <!-- @BeforeTest initialize -->
</testsuite> <!-- Sample Automation Test -->
