<?xml version="1.0" encoding="UTF-8"?>
<!-- Generated by org.testng.reporters.JUnitXMLReporter -->
<testsuite hostname="ipcq16" ignored="6" name="Sample Automation Test" tests="1" failures="0" timestamp="25 Jul 2019 10:37:51 GMT" time="17.665" errors="0">
  <testcase name="@AfterMethod getResult" time="0.021" classname="QA.Tests.TestBase">
    <failure type="java.lang.NullPointerException">
      <![CDATA[java.lang.NullPointerException
at QA.Tests.TestBase.getResult(TestBase.java:85)
... Removed 28 stack frames]]>
    </failure>
  </testcase> <!-- @AfterMethod getResult -->
  <testcase name="SFDCLogincheck" time="8.905" classname="QA.Tests.Test5"/>
  <testcase name="@AfterTest TeardownTest" time="0.0" classname="QA.Tests.TestBase">
    <ignored/>
  </testcase> <!-- @AfterTest TeardownTest -->
  <testcase name="@AfterTest TeardownTest" time="0.0" classname="QA.Tests.TestBase">
    <ignored/>
  </testcase> <!-- @AfterTest TeardownTest -->
  <testcase name="@AfterTest TeardownTest" time="0.0" classname="QA.Tests.TestBase">
    <ignored/>
  </testcase> <!-- @AfterTest TeardownTest -->
  <testcase name="@BeforeTest initialize" time="0.0" classname="QA.Tests.TestBase">
    <ignored/>
  </testcase> <!-- @BeforeTest initialize -->
  <testcase name="@BeforeTest initialize" time="0.0" classname="QA.Tests.TestBase">
    <ignored/>
  </testcase> <!-- @BeforeTest initialize -->
  <testcase name="@BeforeTest initialize" time="0.0" classname="QA.Tests.TestBase">
    <ignored/>
  </testcase> <!-- @BeforeTest initialize -->
</testsuite> <!-- Sample Automation Test -->
