<?xml version="1.0" encoding="UTF-8"?>
<testng-results ignored="0" total="1" passed="1" failed="0" skipped="0">
  <reporter-output>
  </reporter-output>
  <suite started-at="2019-06-27T06:25:58Z" name="Suite" finished-at="2019-06-27T06:27:03Z" duration-ms="64813">
    <groups>
      <group name="cucumber">
        <method signature="AbstractTestNGCucumberTests.feature(cucumber.api.testng.CucumberFeatureWrapper)[pri:0, instance:cucumberOptions.TestRunner@16d04d3d]" name="feature" class="cucumber.api.testng.AbstractTestNGCucumberTests"/>
      </group> <!-- cucumber -->
    </groups>
    <test started-at="2019-06-27T06:25:58Z" name="Validating User login" finished-at="2019-06-27T06:27:03Z" duration-ms="64813">
      <class name="cucumberOptions.TestRunner">
        <test-method is-config="true" signature="setUpClass()[pri:0, instance:cucumberOptions.TestRunner@16d04d3d]" started-at="2019-06-27T06:25:58Z" name="setUpClass" finished-at="2019-06-27T06:25:59Z" duration-ms="622" status="PASS">
          <reporter-output>
          </reporter-output>
        </test-method> <!-- setUpClass -->
        <test-method signature="feature(cucumber.api.testng.CucumberFeatureWrapper)[pri:0, instance:cucumberOptions.TestRunner@16d04d3d]" started-at="2019-06-27T06:25:59Z" name="feature" description="Runs Cucumber Feature" data-provider="features" finished-at="2019-06-27T06:27:03Z" duration-ms="63927" status="PASS">
          <params>
            <param index="0">
              <value>
                <![CDATA[Login into Application]]>
              </value>
            </param>
          </params>
          <reporter-output>
          </reporter-output>
        </test-method> <!-- feature -->
        <test-method is-config="true" signature="tearDownClass()[pri:0, instance:cucumberOptions.TestRunner@16d04d3d]" started-at="2019-06-27T06:27:03Z" name="tearDownClass" finished-at="2019-06-27T06:27:03Z" duration-ms="16" status="PASS">
          <reporter-output>
          </reporter-output>
        </test-method> <!-- tearDownClass -->
      </class> <!-- cucumberOptions.TestRunner -->
    </test> <!-- Validating User login -->
  </suite> <!-- Suite -->
</testng-results>
