<?xml version="1.0" encoding="UTF-8"?>
<!-- Generated by org.testng.reporters.JUnitXMLReporter -->
<testsuite hostname="LIN30000206" ignored="0" name="Default test" tests="6" failures="0" timestamp="30 May 2019 06:06:15 GMT" time="0.123" errors="0">
  <testcase name="IOSApps" time="0.018" classname="qaclickacademy.AppiumTest"/>
  <testcase name="NativeAPpAndroid" time="0.003" classname="qaclickacademy.AppiumTest"/>
  <testcase name="deleteTwitter" time="0.004" classname="qaclickacademy.RESTAPITest"/>
  <testcase name="postJira" time="0.004" classname="qaclickacademy.RESTAPITest"/>
  <testcase name="BrowserAUtomation" time="0.004" classname="qaclickacademy.SeleniumTest"/>
  <testcase name="elementsUi" time="0.002" classname="qaclickacademy.SeleniumTest"/>
</testsuite> <!-- Default test -->
