<?xml version="1.0" encoding="UTF-8"?>
<!-- Generated by org.testng.reporters.JUnitXMLReporter -->
<testsuite hostname="LIN30000206" ignored="2" name="Car Loan" tests="5" failures="0" timestamp="20 May 2019 08:28:10 GMT" time="0.115" errors="0">
  <testcase name="MobileLogincarLoan" time="0.008" classname="test.day3"/>
  <testcase name="MobilesignoutcarLoan" time="0.005" classname="test.day3"/>
  <testcase name="MobilesignoutcarLoan" time="0.005" classname="test.day3"/>
  <testcase name="MobilesignoutcarLoan" time="0.002" classname="test.day3"/>
  <testcase name="WebloginCarLoan" time="0.011" classname="test.day3"/>
  <testcase name="APIcarLoan" time="0.0" classname="test.day3">
    <ignored/>
  </testcase> <!-- APIcarLoan -->
  <testcase name="MobilesignimcarLoan" time="0.0" classname="test.day3">
    <ignored/>
  </testcase> <!-- MobilesignimcarLoan -->
</testsuite> <!-- Car Loan -->
