<?xml version="1.0" encoding="UTF-8"?>
<!-- Generated by org.testng.reporters.JUnitXMLReporter -->
<testsuite hostname="LIN30000206" ignored="1" name="Personal loan" tests="12" failures="0" timestamp="20 May 2019 08:32:16 GMT" time="0.126" errors="0">
  <testcase name="Demo" time="0.011" classname="test.day1"/>
  <testcase name="SecondTest" time="0.002" classname="test.day1"/>
  <testcase name="ploan" time="0.002" classname="test.day2"/>
  <testcase name="MobilesignoutcarLoan" time="0.002" classname="test.day3"/>
  <testcase name="MobilesignoutcarLoan" time="0.002" classname="test.day3"/>
  <testcase name="MobilesignoutcarLoan" time="0.002" classname="test.day3"/>
  <testcase name="WebloginCarLoan" time="0.003" classname="test.day3"/>
  <testcase name="MobileLogincarLoan" time="0.003" classname="test.day3"/>
  <testcase name="APIcarLoan" time="0.01" classname="test.day3"/>
  <testcase name="LoginAPIHomeLoan" time="0.001" classname="test.day4"/>
  <testcase name="MobileLoginHomeLoan" time="0.005" classname="test.day4"/>
  <testcase name="WebloginHomeLoan" time="0.001" classname="test.day4"/>
  <testcase name="MobilesignimcarLoan" time="0.0" classname="test.day3">
    <ignored/>
  </testcase> <!-- MobilesignimcarLoan -->
</testsuite> <!-- Personal loan -->
