<?xml version="1.0" encoding="UTF-8"?>
<!-- Generated by org.testng.reporters.JUnitXMLReporter -->
<testsuite hostname="LIN30000206" ignored="1" name="Personal loan" tests="5" failures="0" timestamp="18 May 2019 13:17:41 GMT" time="0.104" errors="0">
  <testcase name="Demo" time="0.015" classname="test.day1"/>
  <testcase name="ploan" time="0.005" classname="test.day2"/>
  <testcase name="LoginAPIHomeLoan" time="0.003" classname="test.day4"/>
  <testcase name="MobileLoginHomeLoan" time="0.013" classname="test.day4"/>
  <testcase name="WebloginHomeLoan" time="0.005" classname="test.day4"/>
  <testcase name="SecondTest" time="0.0" classname="test.day1">
    <ignored/>
  </testcase> <!-- SecondTest -->
</testsuite> <!-- Personal loan -->
