<?xml version="1.0" encoding="UTF-8"?>
<!-- Generated by org.testng.reporters.JUnitXMLReporter -->
<testsuite hostname="ipcq16" ignored="0" name="Default test" tests="5" failures="0" timestamp="25 Jul 2019 12:03:37 GMT" time="40.347" errors="0">
  <testcase name="SFDCLogincheck" time="10.46" classname="QA.Tests.Test4"/>
  <testcase name="SFDCLogincheck" time="2.641" classname="QA.Tests.Test4"/>
  <testcase name="SFDCLogincheck" time="5.859" classname="QA.Tests.Test4"/>
  <testcase name="SFDCLogincheck" time="3.982" classname="QA.Tests.Test4"/>
  <testcase name="SFDCLogincheck" time="5.804" classname="QA.Tests.Test4"/>
</testsuite> <!-- Default test -->
