<?xml version="1.0" encoding="UTF-8"?>
<!-- Generated by org.testng.reporters.JUnitXMLReporter -->
<testsuite hostname="IPCQ16" ignored="16" name="Sample Automation Test" tests="24" failures="9" timestamp="20 Aug 2019 11:37:21 GMT" time="2.293" errors="0">
  <testcase name="@AfterMethod getResult" time="0.007" classname="QA.Tests.TestBase">
    <failure type="java.lang.NullPointerException">
      <![CDATA[java.lang.NullPointerException
at QA.Tests.TestBase.Screencapture(TestBase.java:122)
at QA.Tests.TestBase.getResult(TestBase.java:95)
... Removed 32 stack frames]]>
    </failure>
  </testcase> <!-- @AfterMethod getResult -->
  <testcase name="@AfterMethod getResult" time="0.0" classname="QA.Tests.TestBase">
    <skipped/>
  </testcase> <!-- @AfterMethod getResult -->
  <testcase name="@AfterMethod getResult" time="0.0" classname="QA.Tests.TestBase">
    <skipped/>
  </testcase> <!-- @AfterMethod getResult -->
  <testcase name="@AfterMethod getResult" time="0.0" classname="QA.Tests.TestBase">
    <skipped/>
  </testcase> <!-- @AfterMethod getResult -->
  <testcase name="@AfterMethod getResult" time="0.0" classname="QA.Tests.TestBase">
    <skipped/>
  </testcase> <!-- @AfterMethod getResult -->
  <testcase name="@AfterMethod getResult" time="0.0" classname="QA.Tests.TestBase">
    <skipped/>
  </testcase> <!-- @AfterMethod getResult -->
  <testcase name="@AfterMethod getResult" time="0.0" classname="QA.Tests.TestBase">
    <skipped/>
  </testcase> <!-- @AfterMethod getResult -->
  <testcase name="@AfterMethod getResult" time="0.001" classname="QA.Tests.TestBase">
    <failure type="java.lang.NullPointerException">
      <![CDATA[java.lang.NullPointerException
at QA.Tests.TestBase.Screencapture(TestBase.java:122)
at QA.Tests.TestBase.getResult(TestBase.java:95)
... Removed 32 stack frames]]>
    </failure>
  </testcase> <!-- @AfterMethod getResult -->
  <testcase name="@AfterMethod getResult" time="0.0" classname="QA.Tests.TestBase">
    <failure type="java.lang.NullPointerException">
      <![CDATA[java.lang.NullPointerException
at QA.Tests.TestBase.Screencapture(TestBase.java:122)
at QA.Tests.TestBase.getResult(TestBase.java:95)
... Removed 32 stack frames]]>
    </failure>
  </testcase> <!-- @AfterMethod getResult -->
  <testcase name="@AfterMethod getResult" time="0.0" classname="QA.Tests.TestBase">
    <skipped/>
  </testcase> <!-- @AfterMethod getResult -->
  <testcase name="@AfterMethod getResult" time="0.0" classname="QA.Tests.TestBase">
    <skipped/>
  </testcase> <!-- @AfterMethod getResult -->
  <testcase name="@AfterMethod getResult" time="0.0" classname="QA.Tests.TestBase">
    <skipped/>
  </testcase> <!-- @AfterMethod getResult -->
  <testcase name="@AfterMethod getResult" time="0.001" classname="QA.Tests.TestBase">
    <failure type="java.lang.NullPointerException">
      <![CDATA[java.lang.NullPointerException
at QA.Tests.TestBase.Screencapture(TestBase.java:122)
at QA.Tests.TestBase.getResult(TestBase.java:95)
... Removed 32 stack frames]]>
    </failure>
  </testcase> <!-- @AfterMethod getResult -->
  <testcase name="@AfterMethod getResult" time="0.0" classname="QA.Tests.TestBase">
    <skipped/>
  </testcase> <!-- @AfterMethod getResult -->
  <testcase name="@AfterMethod getResult" time="0.0" classname="QA.Tests.TestBase">
    <skipped/>
  </testcase> <!-- @AfterMethod getResult -->
  <testcase name="@AfterMethod getResult" time="0.0" classname="QA.Tests.TestBase">
    <skipped/>
  </testcase> <!-- @AfterMethod getResult -->
  <testcase name="@AfterMethod getResult" time="0.0" classname="QA.Tests.TestBase">
    <skipped/>
  </testcase> <!-- @AfterMethod getResult -->
  <testcase name="@AfterMethod getResult" time="0.0" classname="QA.Tests.TestBase">
    <failure type="java.lang.NullPointerException">
      <![CDATA[java.lang.NullPointerException
at QA.Tests.TestBase.Screencapture(TestBase.java:122)
at QA.Tests.TestBase.getResult(TestBase.java:95)
... Removed 32 stack frames]]>
    </failure>
  </testcase> <!-- @AfterMethod getResult -->
  <testcase name="@AfterMethod getResult" time="0.0" classname="QA.Tests.TestBase">
    <failure type="java.lang.NullPointerException">
      <![CDATA[java.lang.NullPointerException
at QA.Tests.TestBase.Screencapture(TestBase.java:122)
at QA.Tests.TestBase.getResult(TestBase.java:95)
... Removed 32 stack frames]]>
    </failure>
  </testcase> <!-- @AfterMethod getResult -->
  <testcase name="@AfterMethod getResult" time="0.001" classname="QA.Tests.TestBase">
    <failure type="java.lang.NullPointerException">
      <![CDATA[java.lang.NullPointerException
at QA.Tests.TestBase.Screencapture(TestBase.java:122)
at QA.Tests.TestBase.getResult(TestBase.java:95)
... Removed 32 stack frames]]>
    </failure>
  </testcase> <!-- @AfterMethod getResult -->
  <testcase name="@AfterMethod getResult" time="0.001" classname="QA.Tests.TestBase">
    <failure type="java.lang.NullPointerException">
      <![CDATA[java.lang.NullPointerException
at QA.Tests.TestBase.Screencapture(TestBase.java:122)
at QA.Tests.TestBase.getResult(TestBase.java:95)
... Removed 32 stack frames]]>
    </failure>
  </testcase> <!-- @AfterMethod getResult -->
  <testcase name="@AfterMethod getResult" time="0.0" classname="QA.Tests.TestBase">
    <skipped/>
  </testcase> <!-- @AfterMethod getResult -->
  <testcase name="@AfterMethod getResult" time="0.004" classname="QA.Tests.TestBase">
    <failure type="java.lang.NullPointerException">
      <![CDATA[java.lang.NullPointerException
at QA.Tests.TestBase.Screencapture(TestBase.java:122)
at QA.Tests.TestBase.getResult(TestBase.java:95)
... Removed 32 stack frames]]>
    </failure>
  </testcase> <!-- @AfterMethod getResult -->
  <testcase name="NAVIGATE_TO_URL_CLICK_SIGN" time="0.058" classname="QA.Tests.Test1">
    <failure type="java.lang.NullPointerException">
      <![CDATA[java.lang.NullPointerException
at QA.Tests.Test1.NAVIGATE_TO_URL_CLICK_SIGN(Test1.java:35)
... Removed 29 stack frames]]>
    </failure>
  </testcase> <!-- NAVIGATE_TO_URL_CLICK_SIGN -->
  <testcase name="ENTER_UNAME_PWRD_LOGIN" time="0.0" classname="QA.Tests.Test1">
    <skipped/>
  </testcase> <!-- ENTER_UNAME_PWRD_LOGIN -->
  <testcase name="CLICK_ON_WOMAN_TAB" time="0.0" classname="QA.Tests.Test1">
    <skipped/>
  </testcase> <!-- CLICK_ON_WOMAN_TAB -->
  <testcase name="CLICK_ON_WOMAN_TAB_TOPS" time="0.0" classname="QA.Tests.Test1">
    <skipped/>
  </testcase> <!-- CLICK_ON_WOMAN_TAB_TOPS -->
  <testcase name="CLICK_ON_WOMAN_TSHIRTS" time="0.0" classname="QA.Tests.Test1">
    <skipped/>
  </testcase> <!-- CLICK_ON_WOMAN_TSHIRTS -->
  <testcase name="CLICK_ON_PRODUCT" time="0.0" classname="QA.Tests.Test1">
    <skipped/>
  </testcase> <!-- CLICK_ON_PRODUCT -->
  <testcase name="PRODUCT_ADD_TO_CART" time="0.0" classname="QA.Tests.Test1">
    <skipped/>
  </testcase> <!-- PRODUCT_ADD_TO_CART -->
  <testcase name="PATINET_DEMO_CREATION" time="0.048" classname="QA.Tests.Test2"/>
  <testcase name="PATINET_DEMO_UPDATE" time="0.002" classname="QA.Tests.Test2">
    <failure type="java.lang.NullPointerException">
      <![CDATA[java.lang.NullPointerException
at QA.Tests.Test2.PATINET_DEMO_UPDATE(Test2.java:41)
... Removed 29 stack frames]]>
    </failure>
  </testcase> <!-- PATINET_DEMO_UPDATE -->
  <testcase name="NAVIGATE_TO_GOOGLE" time="0.002" classname="QA.Tests.Test3">
    <failure type="java.lang.NullPointerException">
      <![CDATA[java.lang.NullPointerException
at QA.Tests.Test3.NAVIGATE_TO_GOOGLE(Test3.java:27)
... Removed 29 stack frames]]>
    </failure>
  </testcase> <!-- NAVIGATE_TO_GOOGLE -->
  <testcase name="CLICK_ON_3rdRESULT" time="0.0" classname="QA.Tests.Test3">
    <skipped/>
  </testcase> <!-- CLICK_ON_3rdRESULT -->
  <testcase name="RESULT_TITLE_VERIFY" time="0.0" classname="QA.Tests.Test3">
    <skipped/>
  </testcase> <!-- RESULT_TITLE_VERIFY -->
  <testcase name="GoogleNews_TitleVerify" time="0.0" classname="QA.Tests.Test3">
    <skipped/>
  </testcase> <!-- GoogleNews_TitleVerify -->
  <testcase name="SFDCLogincheck" time="0.009" classname="QA.Tests.Test4">
    <failure type="java.lang.NullPointerException">
      <![CDATA[java.lang.NullPointerException
at QA.Tests.Test4.SFDCLogincheck(Test4.java:37)
... Removed 29 stack frames]]>
    </failure>
  </testcase> <!-- SFDCLogincheck -->
  <testcase name="SFDCLogincheck" time="0.0" classname="QA.Tests.Test4">
    <skipped/>
  </testcase> <!-- SFDCLogincheck -->
  <testcase name="SFDCLogincheck" time="0.0" classname="QA.Tests.Test4">
    <skipped/>
  </testcase> <!-- SFDCLogincheck -->
  <testcase name="SFDCLogincheck" time="0.0" classname="QA.Tests.Test4">
    <skipped/>
  </testcase> <!-- SFDCLogincheck -->
  <testcase name="SFDCLogincheck" time="0.0" classname="QA.Tests.Test4">
    <skipped/>
  </testcase> <!-- SFDCLogincheck -->
  <testcase name="SFDCLogincheck" time="0.002" classname="QA.Tests.Test5">
    <failure type="java.lang.NullPointerException">
      <![CDATA[java.lang.NullPointerException
at QA.Tests.Test5.SFDCLogincheck(Test5.java:46)
... Removed 29 stack frames]]>
    </failure>
  </testcase> <!-- SFDCLogincheck -->
  <testcase name="FinalProductCheck" time="0.032" classname="QA.Tests.Test6">
    <failure type="java.lang.NullPointerException">
      <![CDATA[java.lang.NullPointerException
at PageObjects.Navigation.NavigationToProductATCpage(Navigation.java:23)
at QA.Tests.Test6.FinalProductCheck(Test6.java:16)
... Removed 29 stack frames]]>
    </failure>
  </testcase> <!-- FinalProductCheck -->
  <testcase name="G99login" time="0.036" classname="QA.Tests.Test7">
    <failure type="java.lang.NullPointerException">
      <![CDATA[java.lang.NullPointerException
at QA.Tests.Test7.G99login(Test7.java:22)
... Removed 29 stack frames]]>
    </failure>
  </testcase> <!-- G99login -->
  <testcase name="AddCustomer" time="0.009" classname="QA.Tests.Test8">
    <failure type="java.lang.NullPointerException">
      <![CDATA[java.lang.NullPointerException
at QA.Tests.Test8.AddCustomer(Test8.java:24)
... Removed 29 stack frames]]>
    </failure>
  </testcase> <!-- AddCustomer -->
  <testcase name="AddCustomer" time="0.0" classname="QA.Tests.Test8">
    <skipped/>
  </testcase> <!-- AddCustomer -->
  <testcase name="AddCustomer" time="0.101" classname="QA.Tests.Test9">
    <failure type="java.lang.NullPointerException">
      <![CDATA[java.lang.NullPointerException
at QA.Tests.Test9.AddCustomer(Test9.java:31)
... Removed 29 stack frames]]>
    </failure>
  </testcase> <!-- AddCustomer -->
  <testcase name="@AfterTest TeardownTest" time="0.0" classname="QA.Tests.TestBase">
    <ignored/>
  </testcase> <!-- @AfterTest TeardownTest -->
  <testcase name="@AfterTest TeardownTest" time="0.0" classname="QA.Tests.TestBase">
    <ignored/>
  </testcase> <!-- @AfterTest TeardownTest -->
  <testcase name="@AfterTest TeardownTest" time="0.0" classname="QA.Tests.TestBase">
    <ignored/>
  </testcase> <!-- @AfterTest TeardownTest -->
  <testcase name="@AfterTest TeardownTest" time="0.0" classname="QA.Tests.TestBase">
    <ignored/>
  </testcase> <!-- @AfterTest TeardownTest -->
  <testcase name="@AfterTest TeardownTest" time="0.0" classname="QA.Tests.TestBase">
    <ignored/>
  </testcase> <!-- @AfterTest TeardownTest -->
  <testcase name="@AfterTest TeardownTest" time="0.0" classname="QA.Tests.TestBase">
    <ignored/>
  </testcase> <!-- @AfterTest TeardownTest -->
  <testcase name="@AfterTest TeardownTest" time="0.0" classname="QA.Tests.TestBase">
    <ignored/>
  </testcase> <!-- @AfterTest TeardownTest -->
  <testcase name="@AfterTest TeardownTest" time="0.0" classname="QA.Tests.TestBase">
    <ignored/>
  </testcase> <!-- @AfterTest TeardownTest -->
  <testcase name="@BeforeTest initialize" time="0.0" classname="QA.Tests.TestBase">
    <ignored/>
  </testcase> <!-- @BeforeTest initialize -->
  <testcase name="@BeforeTest initialize" time="0.0" classname="QA.Tests.TestBase">
    <ignored/>
  </testcase> <!-- @BeforeTest initialize -->
  <testcase name="@BeforeTest initialize" time="0.0" classname="QA.Tests.TestBase">
    <ignored/>
  </testcase> <!-- @BeforeTest initialize -->
  <testcase name="@BeforeTest initialize" time="0.0" classname="QA.Tests.TestBase">
    <ignored/>
  </testcase> <!-- @BeforeTest initialize -->
  <testcase name="@BeforeTest initialize" time="0.0" classname="QA.Tests.TestBase">
    <ignored/>
  </testcase> <!-- @BeforeTest initialize -->
  <testcase name="@BeforeTest initialize" time="0.0" classname="QA.Tests.TestBase">
    <ignored/>
  </testcase> <!-- @BeforeTest initialize -->
  <testcase name="@BeforeTest initialize" time="0.0" classname="QA.Tests.TestBase">
    <ignored/>
  </testcase> <!-- @BeforeTest initialize -->
  <testcase name="@BeforeTest initialize" time="0.0" classname="QA.Tests.TestBase">
    <ignored/>
  </testcase> <!-- @BeforeTest initialize -->
</testsuite> <!-- Sample Automation Test -->
