<?xml version="1.0" encoding="UTF-8"?>
<!-- Generated by org.testng.reporters.JUnitXMLReporter -->
<testsuite hostname="LIN30000206" ignored="0" tests="1" failures="1" timestamp="05 Jun 2019 16:13:13 GMT" time="9.065" errors="0">
  <testcase name="verifyHomepageTitle" time="0.016" classname="Test1">
    <failure type="java.lang.AssertionError" message="expected [Welcome: Mercury Tours] but found [demo.guru99.com]">
      <![CDATA[java.lang.AssertionError: expected [Welcome: Mercury Tours] but found [demo.guru99.com]
at Test1.verifyHomepageTitle(Test1.java:33)
... Removed 40 stack frames]]>
    </failure>
  </testcase> <!-- verifyHomepageTitle -->
</testsuite>
