<?xml version="1.0" encoding="UTF-8"?>
<testng-results skipped="0" failed="0" ignored="4" total="6" passed="2">
  <reporter-output>
  </reporter-output>
  <suite name="Default suite" duration-ms="68136" started-at="2019-05-18T13:11:31Z" finished-at="2019-05-18T13:12:39Z">
    <groups>
    </groups>
    <test name="Default test" duration-ms="68136" started-at="2019-05-18T13:11:31Z" finished-at="2019-05-18T13:12:39Z">
      <class name="com.tests.ScenarioTest2">
        <test-method status="PASS" signature="initialize()[pri:0, instance:com.tests.ScenarioTest2@ae45eb6]" name="initialize" is-config="true" duration-ms="6548" started-at="2019-05-18T13:11:25Z" finished-at="2019-05-18T13:11:31Z">
          <reporter-output>
          </reporter-output>
        </test-method> <!-- initialize -->
        <test-method status="PASS" signature="Test2()[pri:1, instance:com.tests.ScenarioTest2@ae45eb6]" name="Test2" duration-ms="11635" started-at="2019-05-18T13:12:28Z" finished-at="2019-05-18T13:12:39Z">
          <reporter-output>
          </reporter-output>
        </test-method> <!-- Test2 -->
        <test-method status="PASS" signature="TeardownTest()[pri:0, instance:com.tests.ScenarioTest2@ae45eb6]" name="TeardownTest" is-config="true" duration-ms="882" started-at="2019-05-18T13:12:39Z" finished-at="2019-05-18T13:12:40Z">
          <reporter-output>
          </reporter-output>
        </test-method> <!-- TeardownTest -->
      </class> <!-- com.tests.ScenarioTest2 -->
      <class name="com.tests.ScenarioTest1">
        <test-method status="PASS" signature="Test1()[pri:0, instance:com.tests.ScenarioTest1@59f99ea]" name="Test1" duration-ms="56462" started-at="2019-05-18T13:11:31Z" finished-at="2019-05-18T13:12:28Z">
          <reporter-output>
          </reporter-output>
        </test-method> <!-- Test1 -->
      </class> <!-- com.tests.ScenarioTest1 -->
    </test> <!-- Default test -->
  </suite> <!-- Default suite -->
</testng-results>
