<?xml version="1.0" encoding="UTF-8"?>
<testng-results skipped="0" failed="0" ignored="2" total="4" passed="2">
  <reporter-output>
  </reporter-output>
  <suite name="Suite" duration-ms="52612" started-at="2019-06-10T06:59:18Z" finished-at="2019-06-10T07:00:11Z">
    <groups>
    </groups>
    <test name="Test" duration-ms="52612" started-at="2019-06-10T06:59:18Z" finished-at="2019-06-10T07:00:11Z">
      <class name="com.tests.ScenarioTest2">
        <test-method status="PASS" signature="Test2()[pri:1, instance:com.tests.ScenarioTest2@327514f]" name="Test2" duration-ms="12924" started-at="2019-06-10T06:59:58Z" finished-at="2019-06-10T07:00:11Z">
          <reporter-output>
          </reporter-output>
        </test-method> <!-- Test2 -->
      </class> <!-- com.tests.ScenarioTest2 -->
      <class name="com.tests.ScenarioTest1">
        <test-method status="PASS" signature="initialize()[pri:0, instance:com.tests.ScenarioTest1@4c402120]" name="initialize" is-config="true" duration-ms="6049" started-at="2019-06-10T06:59:12Z" finished-at="2019-06-10T06:59:18Z">
          <reporter-output>
          </reporter-output>
        </test-method> <!-- initialize -->
        <test-method status="PASS" signature="Test1()[pri:0, instance:com.tests.ScenarioTest1@4c402120]" name="Test1" duration-ms="39616" started-at="2019-06-10T06:59:18Z" finished-at="2019-06-10T06:59:58Z">
          <reporter-output>
          </reporter-output>
        </test-method> <!-- Test1 -->
        <test-method status="PASS" signature="TeardownTest()[pri:0, instance:com.tests.ScenarioTest1@4c402120]" name="TeardownTest" is-config="true" duration-ms="872" started-at="2019-06-10T07:00:11Z" finished-at="2019-06-10T07:00:12Z">
          <reporter-output>
          </reporter-output>
        </test-method> <!-- TeardownTest -->
      </class> <!-- com.tests.ScenarioTest1 -->
    </test> <!-- Test -->
  </suite> <!-- Suite -->
</testng-results>
