<?xml version="1.0" encoding="UTF-8"?>
<testng-results ignored="0" total="1" passed="1" failed="0" skipped="0">
  <reporter-output>
  </reporter-output>
  <suite started-at="2019-06-21T14:22:36Z" name="Default suite" finished-at="2019-06-21T14:22:52Z" duration-ms="16404">
    <groups>
    </groups>
    <test started-at="2019-06-21T14:22:36Z" name="Default test" finished-at="2019-06-21T14:22:52Z" duration-ms="16404">
      <class name="com.tests.Test200">
        <test-method is-config="true" signature="initialize()[pri:0, instance:com.tests.Test200@4278a03f]" started-at="2019-06-21T14:22:36Z" name="initialize" finished-at="2019-06-21T14:22:48Z" duration-ms="12148" status="PASS">
          <reporter-output>
          </reporter-output>
        </test-method> <!-- initialize -->
        <test-method signature="ReadExcelStoreHashMap()[pri:0, instance:com.tests.Test200@4278a03f]" started-at="2019-06-21T14:22:48Z" name="ReadExcelStoreHashMap" description="ReadExcelStoreHashMap" finished-at="2019-06-21T14:22:51Z" duration-ms="3076" status="PASS">
          <reporter-output>
          </reporter-output>
        </test-method> <!-- ReadExcelStoreHashMap -->
        <test-method is-config="true" signature="TeardownTest()[pri:0, instance:com.tests.Test200@4278a03f]" started-at="2019-06-21T14:22:51Z" name="TeardownTest" finished-at="2019-06-21T14:22:52Z" duration-ms="1044" status="PASS">
          <reporter-output>
          </reporter-output>
        </test-method> <!-- TeardownTest -->
      </class> <!-- com.tests.Test200 -->
    </test> <!-- Default test -->
  </suite> <!-- Default suite -->
</testng-results>
