<?xml version="1.0" encoding="UTF-8"?>
<testng-results skipped="0" failed="0" ignored="4" total="6" passed="2">
  <reporter-output>
  </reporter-output>
  <suite name="Default suite" duration-ms="86683" started-at="2019-06-05T11:20:47Z" finished-at="2019-06-05T11:22:13Z">
    <groups>
    </groups>
    <test name="Default test" duration-ms="86683" started-at="2019-06-05T11:20:47Z" finished-at="2019-06-05T11:22:13Z">
      <class name="com.tests.ScenarioTest2">
        <test-method status="PASS" signature="initialize()[pri:0, instance:com.tests.ScenarioTest2@2ac273d3]" name="initialize" is-config="true" duration-ms="6582" started-at="2019-06-05T11:20:40Z" finished-at="2019-06-05T11:20:47Z">
          <reporter-output>
          </reporter-output>
        </test-method> <!-- initialize -->
        <test-method status="PASS" signature="Test2()[pri:1, instance:com.tests.ScenarioTest2@2ac273d3]" name="Test2" duration-ms="9856" started-at="2019-06-05T11:22:04Z" finished-at="2019-06-05T11:22:13Z">
          <reporter-output>
          </reporter-output>
        </test-method> <!-- Test2 -->
        <test-method status="PASS" signature="TeardownTest()[pri:0, instance:com.tests.ScenarioTest2@2ac273d3]" name="TeardownTest" is-config="true" duration-ms="865" started-at="2019-06-05T11:22:13Z" finished-at="2019-06-05T11:22:14Z">
          <reporter-output>
          </reporter-output>
        </test-method> <!-- TeardownTest -->
      </class> <!-- com.tests.ScenarioTest2 -->
      <class name="com.tests.ScenarioTest1">
        <test-method status="PASS" signature="Test1()[pri:0, instance:com.tests.ScenarioTest1@71423665]" name="Test1" duration-ms="76795" started-at="2019-06-05T11:20:47Z" finished-at="2019-06-05T11:22:04Z">
          <reporter-output>
          </reporter-output>
        </test-method> <!-- Test1 -->
      </class> <!-- com.tests.ScenarioTest1 -->
    </test> <!-- Default test -->
  </suite> <!-- Default suite -->
</testng-results>
