<?xml version="1.0" encoding="UTF-8"?>
<testng-results skipped="0" failed="1" ignored="2" total="5" passed="2">
  <reporter-output>
  </reporter-output>
  <suite name="Suite" duration-ms="112915" started-at="2019-06-10T08:55:54Z" finished-at="2019-06-10T08:57:47Z">
    <groups>
    </groups>
    <test name="Test" duration-ms="112915" started-at="2019-06-10T08:55:54Z" finished-at="2019-06-10T08:57:47Z">
      <class name="com.tests.ScenarioTest2">
        <test-method status="FAIL" signature="Test3()[pri:0, instance:com.tests.ScenarioTest2@327514f]" name="Test3" duration-ms="1520" started-at="2019-06-10T08:57:36Z" finished-at="2019-06-10T08:57:38Z">
          <exception class="java.lang.AssertionError">
            <message>
              <![CDATA[expected [GoogleGoogle] but found [Google]]]>
            </message>
            <full-stacktrace>
              <![CDATA[java.lang.AssertionError: expected [GoogleGoogle] but found [Google]
at org.testng.Assert.fail(Assert.java:96)
at org.testng.Assert.failNotEquals(Assert.java:776)
at org.testng.Assert.assertEqualsImpl(Assert.java:137)
at org.testng.Assert.assertEquals(Assert.java:118)
at org.testng.Assert.assertEquals(Assert.java:453)
at org.testng.Assert.assertEquals(Assert.java:463)
at com.tests.ScenarioTest2.Test3(ScenarioTest2.java:36)
at sun.reflect.NativeMethodAccessorImpl.invoke0(Native Method)
at sun.reflect.NativeMethodAccessorImpl.invoke(NativeMethodAccessorImpl.java:62)
at sun.reflect.DelegatingMethodAccessorImpl.invoke(DelegatingMethodAccessorImpl.java:43)
at java.lang.reflect.Method.invoke(Method.java:498)
at org.testng.internal.MethodInvocationHelper.invokeMethod(MethodInvocationHelper.java:124)
at org.testng.internal.Invoker.invokeMethod(Invoker.java:583)
at org.testng.internal.Invoker.invokeTestMethod(Invoker.java:719)
at org.testng.internal.Invoker.invokeTestMethods(Invoker.java:989)
at org.testng.internal.TestMethodWorker.invokeTestMethods(TestMethodWorker.java:125)
at org.testng.internal.TestMethodWorker.run(TestMethodWorker.java:109)
at org.testng.TestRunner.privateRun(TestRunner.java:648)
at org.testng.TestRunner.run(TestRunner.java:505)
at org.testng.SuiteRunner.runTest(SuiteRunner.java:455)
at org.testng.SuiteRunner.runSequentially(SuiteRunner.java:450)
at org.testng.SuiteRunner.privateRun(SuiteRunner.java:415)
at org.testng.SuiteRunner.run(SuiteRunner.java:364)
at org.testng.SuiteRunnerWorker.runSuite(SuiteRunnerWorker.java:52)
at org.testng.SuiteRunnerWorker.run(SuiteRunnerWorker.java:84)
at org.testng.TestNG.runSuitesSequentially(TestNG.java:1208)
at org.testng.TestNG.runSuitesLocally(TestNG.java:1137)
at org.testng.TestNG.runSuites(TestNG.java:1049)
at org.testng.TestNG.run(TestNG.java:1017)
at org.testng.remote.AbstractRemoteTestNG.run(AbstractRemoteTestNG.java:115)
at org.testng.remote.RemoteTestNG.initAndRun(RemoteTestNG.java:251)
at org.testng.remote.RemoteTestNG.main(RemoteTestNG.java:77)
]]>
            </full-stacktrace>
          </exception> <!-- java.lang.AssertionError -->
          <reporter-output>
          </reporter-output>
        </test-method> <!-- Test3 -->
        <test-method status="PASS" signature="Test2()[pri:1, instance:com.tests.ScenarioTest2@327514f]" name="Test2" duration-ms="8199" started-at="2019-06-10T08:57:38Z" finished-at="2019-06-10T08:57:47Z">
          <reporter-output>
          </reporter-output>
        </test-method> <!-- Test2 -->
      </class> <!-- com.tests.ScenarioTest2 -->
      <class name="com.tests.ScenarioTest1">
        <test-method status="PASS" signature="initialize()[pri:0, instance:com.tests.ScenarioTest1@4c402120]" name="initialize" is-config="true" duration-ms="6325" started-at="2019-06-10T08:55:47Z" finished-at="2019-06-10T08:55:54Z">
          <reporter-output>
          </reporter-output>
        </test-method> <!-- initialize -->
        <test-method status="PASS" signature="Test1()[pri:0, instance:com.tests.ScenarioTest1@4c402120]" name="Test1" duration-ms="102702" started-at="2019-06-10T08:55:54Z" finished-at="2019-06-10T08:57:36Z">
          <reporter-output>
          </reporter-output>
        </test-method> <!-- Test1 -->
        <test-method status="PASS" signature="TeardownTest()[pri:0, instance:com.tests.ScenarioTest1@4c402120]" name="TeardownTest" is-config="true" duration-ms="879" started-at="2019-06-10T08:57:47Z" finished-at="2019-06-10T08:57:48Z">
          <reporter-output>
          </reporter-output>
        </test-method> <!-- TeardownTest -->
      </class> <!-- com.tests.ScenarioTest1 -->
    </test> <!-- Test -->
  </suite> <!-- Suite -->
</testng-results>
