<?xml version="1.0" encoding="UTF-8"?>
<testsuite xmlns:xsi="http://www.w3.org/2001/XMLSchema-instance" xsi:noNamespaceSchemaLocation="https://maven.apache.org/surefire/maven-surefire-plugin/xsd/surefire-test-report.xsd" name="TestSuite" time="146.081" tests="8" errors="0" skipped="0" failures="0">
  <properties>
[...]
</properties>
  <testcase name="openURL" classname="main.java.module.CokeHelp" time="19.777"/>
  <testcase name="cokeHelp_Login" classname="main.java.module.CokeHelp" time="64.65"/>
  <testcase name="validateSearchFunctionality" classname="main.java.module.CokeHelp" time="9.535"/>
  <testcase name="navigateToArticleFrontEnd" classname="main.java.module.CokeHelp" time="8.225"/>
  <testcase name="bookmarkArticle" classname="main.java.module.CokeHelp" time="5.76"/>
  <testcase name="navigateToProfileMenu" classname="main.java.module.CokeHelp" time="15.054"/>
  <testcase name="validateBookmarkedArticle" classname="main.java.module.CokeHelp" time="5.558"/>
  <testcase name="cokeHelp_Logout" classname="main.java.module.CokeHelp" time="12.462"/>
</testsuite>