<?xml version="1.0" encoding="UTF-8"?>
<!-- Generated by org.testng.reporters.JUnitXMLReporter -->
<testsuite ignored="0" hostname="Hiteshkumar" failures="0" tests="3" name="Default test" time="50.221" errors="0" timestamp="21 Jun 2019 06:11:03 GMT">
  <testcase classname="com.tests.DataProviderSFDCLogin" name="SFDCLogincheck" time="22.588"/>
  <testcase classname="com.tests.DataProviderSFDCLogin" name="SFDCLogincheck" time="10.92"/>
  <testcase classname="com.tests.DataProviderSFDCLogin" name="SFDCLogincheck" time="10.683"/>
</testsuite> <!-- Default test -->
