<?xml version="1.0" encoding="UTF-8"?>
<!-- Generated by org.testng.reporters.JUnitXMLReporter -->
<testsuite hostname="LIN30000206" ignored="4" name="Default test" tests="2" failures="0" timestamp="26 Apr 2019 03:57:19 GMT" time="46.982" errors="0">
  <testcase name="Test1" time="36.993" classname="com.tests.ScenarioTest1"/>
  <testcase name="Test2" time="9.95" classname="com.tests.ScenarioTest2"/>
  <testcase name="@AfterSuite TeardownTest" time="0.0" classname="com.tests.TestBase">
    <ignored/>
  </testcase> <!-- @AfterSuite TeardownTest -->
  <testcase name="@AfterSuite TeardownTest" time="0.0" classname="com.tests.TestBase">
    <ignored/>
  </testcase> <!-- @AfterSuite TeardownTest -->
  <testcase name="@BeforeSuite initialize" time="0.0" classname="com.tests.TestBase">
    <ignored/>
  </testcase> <!-- @BeforeSuite initialize -->
  <testcase name="@BeforeSuite initialize" time="0.0" classname="com.tests.TestBase">
    <ignored/>
  </testcase> <!-- @BeforeSuite initialize -->
</testsuite> <!-- Default test -->
