<?xml version="1.0" encoding="UTF-8"?>
<testsuite name="TestSuite" time="0.014" tests="2" errors="0" skipped="0" failures="1">
  <properties>
[...]
</properties>
  <testcase name="demoReportFail" classname="SQA.AUTOMATION.ExtentReport" time="0.013">
    <failure message="expected [true] but found [false]" type="java.lang.AssertionError">java.lang.AssertionError: expected [true] but found [false]
	at org.testng.Assert.fail(Assert.java:111)
	at org.testng.Assert.failNotEquals(Assert.java:1578)
	at org.testng.Assert.assertTrue(Assert.java:57)
	at org.testng.Assert.assertTrue(Assert.java:67)
	at SQA.AUTOMATION.ExtentReport.demoReportFail(ExtentReport.java:39)
</failure>
  </testcase>
  <testcase name="demoReportPass" classname="SQA.AUTOMATION.ExtentReport" time="0.001"/>
</testsuite>