<?xml version="1.0" encoding="UTF-8"?>
<testng-results skipped="0" failed="0" ignored="0" total="6" passed="6">
  <reporter-output>
  </reporter-output>
  <suite name="Default suite" duration-ms="123" started-at="2019-05-30T06:06:15Z" finished-at="2019-05-30T06:06:15Z">
    <groups>
    </groups>
    <test name="Default test" duration-ms="123" started-at="2019-05-30T06:06:15Z" finished-at="2019-05-30T06:06:15Z">
      <class name="qaclickacademy.AppiumTest">
        <test-method status="PASS" signature="IOSApps()[pri:0, instance:qaclickacademy.AppiumTest@77cd7a0]" name="IOSApps" duration-ms="18" started-at="2019-05-30T06:06:15Z" finished-at="2019-05-30T06:06:15Z">
          <reporter-output>
          </reporter-output>
        </test-method> <!-- IOSApps -->
        <test-method status="PASS" signature="NativeAPpAndroid()[pri:0, instance:qaclickacademy.AppiumTest@77cd7a0]" name="NativeAPpAndroid" duration-ms="3" started-at="2019-05-30T06:06:15Z" finished-at="2019-05-30T06:06:15Z">
          <reporter-output>
          </reporter-output>
        </test-method> <!-- NativeAPpAndroid -->
      </class> <!-- qaclickacademy.AppiumTest -->
      <class name="qaclickacademy.RESTAPITest">
        <test-method status="PASS" signature="deleteTwitter()[pri:0, instance:qaclickacademy.RESTAPITest@204f30ec]" name="deleteTwitter" duration-ms="4" started-at="2019-05-30T06:06:15Z" finished-at="2019-05-30T06:06:15Z">
          <reporter-output>
          </reporter-output>
        </test-method> <!-- deleteTwitter -->
        <test-method status="PASS" signature="postJira()[pri:0, instance:qaclickacademy.RESTAPITest@204f30ec]" name="postJira" duration-ms="4" started-at="2019-05-30T06:06:15Z" finished-at="2019-05-30T06:06:15Z">
          <reporter-output>
          </reporter-output>
        </test-method> <!-- postJira -->
      </class> <!-- qaclickacademy.RESTAPITest -->
      <class name="qaclickacademy.SeleniumTest">
        <test-method status="PASS" signature="BrowserAUtomation()[pri:0, instance:qaclickacademy.SeleniumTest@e25b2fe]" name="BrowserAUtomation" duration-ms="4" started-at="2019-05-30T06:06:15Z" finished-at="2019-05-30T06:06:15Z">
          <reporter-output>
          </reporter-output>
        </test-method> <!-- BrowserAUtomation -->
        <test-method status="PASS" signature="elementsUi()[pri:0, instance:qaclickacademy.SeleniumTest@e25b2fe]" name="elementsUi" duration-ms="2" started-at="2019-05-30T06:06:15Z" finished-at="2019-05-30T06:06:15Z">
          <reporter-output>
          </reporter-output>
        </test-method> <!-- elementsUi -->
      </class> <!-- qaclickacademy.SeleniumTest -->
    </test> <!-- Default test -->
  </suite> <!-- Default suite -->
</testng-results>
