<?xml version="1.0" encoding="UTF-8"?>
<!-- Generated by org.testng.reporters.JUnitXMLReporter -->
<testsuite ignored="0" hostname="Hiteshkumar" failures="0" tests="2" name="Test" time="0.67" errors="0" timestamp="22 Jul 2019 18:47:37 GMT">
  <testcase classname="com.Tests.GenerateExtentReport" name="@BeforeTest startReport" time="0.484">
    <failure type="java.lang.NullPointerException">
      <![CDATA[java.lang.NullPointerException
at com.relevantcodes.extentreports.Report.loadConfig(Report.java:480)
at com.relevantcodes.extentreports.ExtentReports.loadConfig(ExtentReports.java:481)
at com.Tests.GenerateExtentReport.startReport(GenerateExtentReport.java:26)
... Removed 28 stack frames]]>
    </failure>
  </testcase> <!-- @BeforeTest startReport -->
  <testcase classname="com.Tests.GenerateExtentReport" name="@AfterMethod getResult" time="0.0">
    <skipped/>
  </testcase> <!-- @AfterMethod getResult -->
  <testcase classname="com.Tests.GenerateExtentReport" name="@AfterMethod getResult" time="0.0">
    <skipped/>
  </testcase> <!-- @AfterMethod getResult -->
  <testcase classname="com.Tests.GenerateExtentReport" name="@AfterTest endreport" time="0.0">
    <skipped/>
  </testcase> <!-- @AfterTest endreport -->
  <testcase classname="com.Tests.GenerateExtentReport" name="demoReportFail" time="0.0">
    <skipped/>
  </testcase> <!-- demoReportFail -->
  <testcase classname="com.Tests.GenerateExtentReport" name="demoReportPass" time="0.0">
    <skipped/>
  </testcase> <!-- demoReportPass -->
</testsuite> <!-- Test -->
