<?xml version="1.0" encoding="UTF-8"?>
<testng-results ignored="0" total="2" passed="2" failed="0" skipped="0">
  <reporter-output>
  </reporter-output>
  <suite started-at="2024-03-27T02:21:45 GMT-04:00" name="Suite" finished-at="2024-03-27T02:21:45 GMT-04:00" duration-ms="52">
    <groups>
    </groups>
    <test started-at="2024-03-27T02:21:45 GMT-04:00" name="Test" finished-at="2024-03-27T02:21:45 GMT-04:00" duration-ms="52">
      <class name="Testing.QA.AppTest">
        <test-method signature="shouldAnswerWithTrue()[pri:0, instance:Testing.QA.AppTest@1d296da]" started-at="2024-03-27T02:21:45 GMT-04:00" name="shouldAnswerWithTrue" finished-at="2024-03-27T02:21:45 GMT-04:00" duration-ms="11" status="PASS">
          <reporter-output>
          </reporter-output>
        </test-method> <!-- shouldAnswerWithTrue -->
        <test-method signature="shouldAnswerWithfalse()[pri:0, instance:Testing.QA.AppTest@1d296da]" started-at="2024-03-27T02:21:45 GMT-04:00" name="shouldAnswerWithfalse" finished-at="2024-03-27T02:21:45 GMT-04:00" duration-ms="2" status="PASS">
          <reporter-output>
          </reporter-output>
        </test-method> <!-- shouldAnswerWithfalse -->
      </class> <!-- Testing.QA.AppTest -->
    </test> <!-- Test -->
  </suite> <!-- Suite -->
</testng-results>
