<?xml version="1.0" encoding="UTF-8"?>
<!-- Generated by org.testng.reporters.JUnitXMLReporter -->
<testsuite ignored="2" hostname="Hiteshkumar" failures="2" tests="2" name="Test" time="1.452" errors="0" timestamp="07 Aug 2019 17:10:07 GMT">
  <testcase classname="QA.Tests.Test1" name="Test1Method1" time="0.234">
    <failure type="java.lang.NullPointerException">
      <![CDATA[java.lang.NullPointerException
at QA.Tests.Test1.Test1Method1(Test1.java:17)
... Removed 25 stack frames]]>
    </failure>
  </testcase> <!-- Test1Method1 -->
  <testcase classname="QA.Tests.Test1" name="Test1Method1" time="0.702">
    <failure type="java.lang.NullPointerException">
      <![CDATA[java.lang.NullPointerException
at QA.Tests.TestBase.Screencapture(TestBase.java:89)
at QA.resources.Reporting.onTestFailure(Reporting.java:75)
... Removed 22 stack frames]]>
    </failure>
  </testcase> <!-- Test1Method1 -->
  <testcase classname="QA.Tests.TestBase" name="@AfterTest TeardownTest" time="0.0">
    <ignored/>
  </testcase> <!-- @AfterTest TeardownTest -->
  <testcase classname="QA.Tests.TestBase" name="@BeforeTest BaseClassMethod1" time="0.0">
    <ignored/>
  </testcase> <!-- @BeforeTest BaseClassMethod1 -->
</testsuite> <!-- Test -->
