<?xml version="1.0" encoding="UTF-8"?>
<testng-results skipped="0" failed="0" ignored="0" total="1" passed="1">
  <reporter-output>
  </reporter-output>
  <suite name="Default suite" duration-ms="10033" started-at="2019-04-29T06:24:36Z" finished-at="2019-04-29T06:24:46Z">
    <groups>
    </groups>
    <test name="Default test" duration-ms="10033" started-at="2019-04-29T06:24:36Z" finished-at="2019-04-29T06:24:46Z">
      <class name="TestNG.DemoTestNG">
        <test-method status="PASS" signature="launchBrowser()[pri:0, instance:TestNG.DemoTestNG@396a51ab]" name="launchBrowser" is-config="true" duration-ms="9760" started-at="2019-04-29T06:24:36Z" finished-at="2019-04-29T06:24:46Z">
          <reporter-output>
          </reporter-output>
        </test-method> <!-- launchBrowser -->
        <test-method status="PASS" signature="verifyHomepageTitle()[pri:0, instance:TestNG.DemoTestNG@396a51ab]" name="verifyHomepageTitle" duration-ms="21" started-at="2019-04-29T06:24:46Z" finished-at="2019-04-29T06:24:46Z">
          <reporter-output>
          </reporter-output>
        </test-method> <!-- verifyHomepageTitle -->
        <test-method status="PASS" signature="terminateBrowser()[pri:0, instance:TestNG.DemoTestNG@396a51ab]" name="terminateBrowser" is-config="true" duration-ms="229" started-at="2019-04-29T06:24:46Z" finished-at="2019-04-29T06:24:46Z">
          <reporter-output>
          </reporter-output>
        </test-method> <!-- terminateBrowser -->
      </class> <!-- TestNG.DemoTestNG -->
    </test> <!-- Default test -->
  </suite> <!-- Default suite -->
</testng-results>
